2019-08-06 15:11:25,223 INFO - 
2019-08-06 15:11:25,238 INFO - ------------------------------------------------------------------------------------------------------
2019-08-06 15:11:25,240 ERROR - Attempted to divide by zero.
2019-08-06 15:11:25,271 ERROR -    at Libol.Controllers.HomeController.Index() in C:\CapstoneProject\FPT-Libol\Libol\Libol\Controllers\HomeController.cs:line 17
   at lambda_method(Closure , ControllerBase , Object[] )
   at System.Web.Mvc.ActionMethodDispatcher.Execute(ControllerBase controller, Object[] parameters)
   at System.Web.Mvc.ReflectedActionDescriptor.Execute(ControllerContext controllerContext, IDictionary`2 parameters)
   at System.Web.Mvc.ControllerActionInvoker.InvokeActionMethod(ControllerContext controllerContext, ActionDescriptor actionDescriptor, IDictionary`2 parameters)
   at System.Web.Mvc.Async.AsyncControllerActionInvoker.<>c.<BeginInvokeSynchronousActionMethod>b__9_0(IAsyncResult asyncResult, ActionInvocation innerInvokeState)
   at System.Web.Mvc.Async.AsyncResultWrapper.WrappedAsyncResult`2.CallEndDelegate(IAsyncResult asyncResult)
   at System.Web.Mvc.Async.AsyncResultWrapper.WrappedAsyncResultBase`1.End()
   at System.Web.Mvc.Async.AsyncControllerActionInvoker.EndInvokeActionMethod(IAsyncResult asyncResult)
   at System.Web.Mvc.Async.AsyncControllerActionInvoker.AsyncInvocationWithFilters.<InvokeActionMethodFilterAsynchronouslyRecursive>b__11_0()
   at System.Web.Mvc.Async.AsyncControllerActionInvoker.AsyncInvocationWithFilters.<>c__DisplayClass11_1.<InvokeActionMethodFilterAsynchronouslyRecursive>b__2()
   at System.Web.Mvc.Async.AsyncControllerActionInvoker.AsyncInvocationWithFilters.<>c__DisplayClass11_1.<InvokeActionMethodFilterAsynchronouslyRecursive>b__2()
   at System.Web.Mvc.Async.AsyncControllerActionInvoker.<>c__DisplayClass7_0.<BeginInvokeActionMethodWithFilters>b__1(IAsyncResult asyncResult)
   at System.Web.Mvc.Async.AsyncResultWrapper.WrappedAsyncResult`1.CallEndDelegate(IAsyncResult asyncResult)
   at System.Web.Mvc.Async.AsyncResultWrapper.WrappedAsyncResultBase`1.End()
   at System.Web.Mvc.Async.AsyncControllerActionInvoker.EndInvokeActionMethodWithFilters(IAsyncResult asyncResult)
   at System.Web.Mvc.Async.AsyncControllerActionInvoker.<>c__DisplayClass3_6.<BeginInvokeAction>b__3()
   at System.Web.Mvc.Async.AsyncControllerActionInvoker.<>c__DisplayClass3_1.<BeginInvokeAction>b__5(IAsyncResult asyncResult)
   at System.Web.Mvc.Async.AsyncResultWrapper.WrappedAsyncResult`1.CallEndDelegate(IAsyncResult asyncResult)
   at System.Web.Mvc.Async.AsyncResultWrapper.WrappedAsyncResultBase`1.End()
   at System.Web.Mvc.Async.AsyncControllerActionInvoker.EndInvokeAction(IAsyncResult asyncResult)
   at System.Web.Mvc.Controller.<>c.<BeginExecuteCore>b__152_1(IAsyncResult asyncResult, ExecuteCoreState innerState)
   at System.Web.Mvc.Async.AsyncResultWrapper.WrappedAsyncVoid`1.CallEndDelegate(IAsyncResult asyncResult)
   at System.Web.Mvc.Async.AsyncResultWrapper.WrappedAsyncResultBase`1.End()
   at System.Web.Mvc.Controller.EndExecuteCore(IAsyncResult asyncResult)
   at System.Web.Mvc.Controller.<>c.<BeginExecute>b__151_2(IAsyncResult asyncResult, Controller controller)
   at System.Web.Mvc.Async.AsyncResultWrapper.WrappedAsyncVoid`1.CallEndDelegate(IAsyncResult asyncResult)
   at System.Web.Mvc.Async.AsyncResultWrapper.WrappedAsyncResultBase`1.End()
   at System.Web.Mvc.Controller.EndExecute(IAsyncResult asyncResult)
   at System.Web.Mvc.Controller.System.Web.Mvc.Async.IAsyncController.EndExecute(IAsyncResult asyncResult)
   at System.Web.Mvc.MvcHandler.<>c.<BeginProcessRequest>b__20_1(IAsyncResult asyncResult, ProcessRequestState innerState)
   at System.Web.Mvc.Async.AsyncResultWrapper.WrappedAsyncVoid`1.CallEndDelegate(IAsyncResult asyncResult)
   at System.Web.Mvc.Async.AsyncResultWrapper.WrappedAsyncResultBase`1.End()
   at System.Web.Mvc.MvcHandler.EndProcessRequest(IAsyncResult asyncResult)
   at System.Web.Mvc.MvcHandler.System.Web.IHttpAsyncHandler.EndProcessRequest(IAsyncResult result)
   at System.Web.HttpApplication.CallHandlerExecutionStep.System.Web.HttpApplication.IExecutionStep.Execute()
   at System.Web.HttpApplication.ExecuteStepImpl(IExecutionStep step)
   at System.Web.HttpApplication.ExecuteStep(IExecutionStep step, Boolean& completedSynchronously)
2019-08-06 15:11:25,275 ERROR - System.Web.Mvc.ActionResult Index()
2019-08-06 19:44:48,555 INFO - 
2019-08-06 19:44:48,890 INFO - ------------------------------------------------------------------------------------------------------
2019-08-06 19:44:48,891 ERROR - A public action method 'StatTaskbar' was not found on controller 'Libol.Controllers.CirculationController'.
2019-08-06 19:44:48,893 ERROR -    at System.Web.Mvc.Controller.HandleUnknownAction(String actionName)
   at System.Web.Mvc.Controller.<>c.<BeginExecuteCore>b__152_1(IAsyncResult asyncResult, ExecuteCoreState innerState)
   at System.Web.Mvc.Async.AsyncResultWrapper.WrappedAsyncVoid`1.CallEndDelegate(IAsyncResult asyncResult)
   at System.Web.Mvc.Async.AsyncResultWrapper.WrappedAsyncResultBase`1.End()
   at System.Web.Mvc.Controller.EndExecuteCore(IAsyncResult asyncResult)
   at System.Web.Mvc.Controller.<>c.<BeginExecute>b__151_2(IAsyncResult asyncResult, Controller controller)
   at System.Web.Mvc.Async.AsyncResultWrapper.WrappedAsyncVoid`1.CallEndDelegate(IAsyncResult asyncResult)
   at System.Web.Mvc.Async.AsyncResultWrapper.WrappedAsyncResultBase`1.End()
   at System.Web.Mvc.Controller.EndExecute(IAsyncResult asyncResult)
   at System.Web.Mvc.Controller.System.Web.Mvc.Async.IAsyncController.EndExecute(IAsyncResult asyncResult)
   at System.Web.Mvc.MvcHandler.<>c.<BeginProcessRequest>b__20_1(IAsyncResult asyncResult, ProcessRequestState innerState)
   at System.Web.Mvc.Async.AsyncResultWrapper.WrappedAsyncVoid`1.CallEndDelegate(IAsyncResult asyncResult)
   at System.Web.Mvc.Async.AsyncResultWrapper.WrappedAsyncResultBase`1.End()
   at System.Web.Mvc.MvcHandler.EndProcessRequest(IAsyncResult asyncResult)
   at System.Web.Mvc.MvcHandler.System.Web.IHttpAsyncHandler.EndProcessRequest(IAsyncResult result)
   at System.Web.HttpApplication.CallHandlerExecutionStep.System.Web.HttpApplication.IExecutionStep.Execute()
   at System.Web.HttpApplication.ExecuteStepImpl(IExecutionStep step)
   at System.Web.HttpApplication.ExecuteStep(IExecutionStep step, Boolean& completedSynchronously)
2019-08-06 19:44:48,894 ERROR - Void HandleUnknownAction(System.String)
2019-08-14 12:54:56,271 INFO - 
2019-08-14 12:54:56,315 INFO - ------------------------------------------------------------------------------------------------------
2019-08-14 12:54:56,322 ERROR - Invalid column name 'AcquiredSource'.
2019-08-14 12:54:56,466 ERROR -    at System.Data.SqlClient.SqlConnection.OnError(SqlException exception, Boolean breakConnection, Action`1 wrapCloseInAction)
   at System.Data.SqlClient.SqlInternalConnection.OnError(SqlException exception, Boolean breakConnection, Action`1 wrapCloseInAction)
   at System.Data.SqlClient.TdsParser.ThrowExceptionAndWarning(TdsParserStateObject stateObj, Boolean callerHasConnectionLock, Boolean asyncClose)
   at System.Data.SqlClient.TdsParser.TryRun(RunBehavior runBehavior, SqlCommand cmdHandler, SqlDataReader dataStream, BulkCopySimpleResultSet bulkCopyHandler, TdsParserStateObject stateObj, Boolean& dataReady)
   at System.Data.SqlClient.SqlDataReader.TryConsumeMetaData()
   at System.Data.SqlClient.SqlDataReader.get_MetaData()
   at System.Data.SqlClient.SqlCommand.FinishExecuteReader(SqlDataReader ds, RunBehavior runBehavior, String resetOptionsString, Boolean isInternal, Boolean forDescribeParameterEncryption, Boolean shouldCacheForAlwaysEncrypted)
   at System.Data.SqlClient.SqlCommand.RunExecuteReaderTds(CommandBehavior cmdBehavior, RunBehavior runBehavior, Boolean returnStream, Boolean async, Int32 timeout, Task& task, Boolean asyncWrite, Boolean inRetry, SqlDataReader ds, Boolean describeParameterEncryptionRequest)
   at System.Data.SqlClient.SqlCommand.RunExecuteReader(CommandBehavior cmdBehavior, RunBehavior runBehavior, Boolean returnStream, String method, TaskCompletionSource`1 completion, Int32 timeout, Task& task, Boolean& usedCache, Boolean asyncWrite, Boolean inRetry)
   at System.Data.SqlClient.SqlCommand.RunExecuteReader(CommandBehavior cmdBehavior, RunBehavior runBehavior, Boolean returnStream, String method)
   at System.Data.SqlClient.SqlCommand.ExecuteReader(CommandBehavior behavior, String method)
   at System.Data.SqlClient.SqlCommand.ExecuteDbDataReader(CommandBehavior behavior)
   at System.Data.Common.DbCommand.ExecuteReader(CommandBehavior behavior)
   at System.Data.Entity.Infrastructure.Interception.DbCommandDispatcher.<Reader>b__c(DbCommand t, DbCommandInterceptionContext`1 c)
   at System.Data.Entity.Infrastructure.Interception.InternalDispatcher`1.Dispatch[TTarget,TInterceptionContext,TResult](TTarget target, Func`3 operation, TInterceptionContext interceptionContext, Action`3 executing, Action`3 executed)
   at System.Data.Entity.Infrastructure.Interception.DbCommandDispatcher.Reader(DbCommand command, DbCommandInterceptionContext interceptionContext)
   at System.Data.Entity.Internal.InterceptableDbCommand.ExecuteDbDataReader(CommandBehavior behavior)
   at System.Data.Common.DbCommand.ExecuteReader(CommandBehavior behavior)
   at System.Data.Entity.Core.Objects.ObjectContext.ExecuteStoreQueryInternal[TElement](String commandText, String entitySetName, ExecutionOptions executionOptions, Object[] parameters)
   at System.Data.Entity.Core.Objects.ObjectContext.<>c__DisplayClass69`1.<ExecuteStoreQueryReliably>b__68()
   at System.Data.Entity.Core.Objects.ObjectContext.ExecuteInTransaction[T](Func`1 func, IDbExecutionStrategy executionStrategy, Boolean startLocalTransaction, Boolean releaseConnectionOnSuccess)
   at System.Data.Entity.Core.Objects.ObjectContext.<>c__DisplayClass69`1.<ExecuteStoreQueryReliably>b__67()
   at System.Data.Entity.SqlServer.DefaultSqlExecutionStrategy.Execute[TResult](Func`1 operation)
   at System.Data.Entity.Core.Objects.ObjectContext.ExecuteStoreQueryReliably[TElement](String commandText, String entitySetName, ExecutionOptions executionOptions, Object[] parameters)
   at System.Data.Entity.Core.Objects.ObjectContext.ExecuteStoreQuery[TElement](String commandText, String entitySetName, ExecutionOptions executionOptions, Object[] parameters)
   at System.Data.Entity.Internal.Linq.InternalSet`1.<>c__DisplayClass11.<ExecuteSqlQuery>b__10()
   at System.Data.Entity.Internal.LazyEnumerator`1.MoveNext()
   at System.Collections.Generic.List`1..ctor(IEnumerable`1 collection)
   at System.Linq.Enumerable.ToList[TSource](IEnumerable`1 source)
   at Libol.Controllers.ShelfController.LoadTableHolding(String code) in F:\CapstoneProject\FPT-Libol\Libol\Libol\Controllers\ShelfController.cs:line 465
   at lambda_method(Closure , ControllerBase , Object[] )
   at System.Web.Mvc.ActionMethodDispatcher.Execute(ControllerBase controller, Object[] parameters)
   at System.Web.Mvc.ReflectedActionDescriptor.Execute(ControllerContext controllerContext, IDictionary`2 parameters)
   at System.Web.Mvc.ControllerActionInvoker.InvokeActionMethod(ControllerContext controllerContext, ActionDescriptor actionDescriptor, IDictionary`2 parameters)
   at System.Web.Mvc.Async.AsyncControllerActionInvoker.<>c.<BeginInvokeSynchronousActionMethod>b__9_0(IAsyncResult asyncResult, ActionInvocation innerInvokeState)
   at System.Web.Mvc.Async.AsyncResultWrapper.WrappedAsyncResult`2.CallEndDelegate(IAsyncResult asyncResult)
   at System.Web.Mvc.Async.AsyncResultWrapper.WrappedAsyncResultBase`1.End()
   at System.Web.Mvc.Async.AsyncControllerActionInvoker.EndInvokeActionMethod(IAsyncResult asyncResult)
   at System.Web.Mvc.Async.AsyncControllerActionInvoker.AsyncInvocationWithFilters.<InvokeActionMethodFilterAsynchronouslyRecursive>b__11_0()
   at System.Web.Mvc.Async.AsyncControllerActionInvoker.AsyncInvocationWithFilters.<>c__DisplayClass11_1.<InvokeActionMethodFilterAsynchronouslyRecursive>b__2()
   at System.Web.Mvc.Async.AsyncControllerActionInvoker.<>c__DisplayClass7_0.<BeginInvokeActionMethodWithFilters>b__1(IAsyncResult asyncResult)
   at System.Web.Mvc.Async.AsyncResultWrapper.WrappedAsyncResult`1.CallEndDelegate(IAsyncResult asyncResult)
   at System.Web.Mvc.Async.AsyncResultWrapper.WrappedAsyncResultBase`1.End()
   at System.Web.Mvc.Async.AsyncControllerActionInvoker.EndInvokeActionMethodWithFilters(IAsyncResult asyncResult)
   at System.Web.Mvc.Async.AsyncControllerActionInvoker.<>c__DisplayClass3_6.<BeginInvokeAction>b__3()
   at System.Web.Mvc.Async.AsyncControllerActionInvoker.<>c__DisplayClass3_1.<BeginInvokeAction>b__5(IAsyncResult asyncResult)
   at System.Web.Mvc.Async.AsyncResultWrapper.WrappedAsyncResult`1.CallEndDelegate(IAsyncResult asyncResult)
   at System.Web.Mvc.Async.AsyncResultWrapper.WrappedAsyncResultBase`1.End()
   at System.Web.Mvc.Async.AsyncControllerActionInvoker.EndInvokeAction(IAsyncResult asyncResult)
   at System.Web.Mvc.Controller.<>c.<BeginExecuteCore>b__152_1(IAsyncResult asyncResult, ExecuteCoreState innerState)
   at System.Web.Mvc.Async.AsyncResultWrapper.WrappedAsyncVoid`1.CallEndDelegate(IAsyncResult asyncResult)
   at System.Web.Mvc.Async.AsyncResultWrapper.WrappedAsyncResultBase`1.End()
   at System.Web.Mvc.Controller.EndExecuteCore(IAsyncResult asyncResult)
   at System.Web.Mvc.Controller.<>c.<BeginExecute>b__151_2(IAsyncResult asyncResult, Controller controller)
   at System.Web.Mvc.Async.AsyncResultWrapper.WrappedAsyncVoid`1.CallEndDelegate(IAsyncResult asyncResult)
   at System.Web.Mvc.Async.AsyncResultWrapper.WrappedAsyncResultBase`1.End()
   at System.Web.Mvc.Controller.EndExecute(IAsyncResult asyncResult)
   at System.Web.Mvc.Controller.System.Web.Mvc.Async.IAsyncController.EndExecute(IAsyncResult asyncResult)
   at System.Web.Mvc.MvcHandler.<>c.<BeginProcessRequest>b__20_1(IAsyncResult asyncResult, ProcessRequestState innerState)
   at System.Web.Mvc.Async.AsyncResultWrapper.WrappedAsyncVoid`1.CallEndDelegate(IAsyncResult asyncResult)
   at System.Web.Mvc.Async.AsyncResultWrapper.WrappedAsyncResultBase`1.End()
   at System.Web.Mvc.MvcHandler.EndProcessRequest(IAsyncResult asyncResult)
   at System.Web.Mvc.MvcHandler.System.Web.IHttpAsyncHandler.EndProcessRequest(IAsyncResult result)
   at System.Web.HttpApplication.CallHandlerExecutionStep.System.Web.HttpApplication.IExecutionStep.Execute()
   at System.Web.HttpApplication.ExecuteStepImpl(IExecutionStep step)
   at System.Web.HttpApplication.ExecuteStep(IExecutionStep step, Boolean& completedSynchronously)
2019-08-14 12:54:56,564 ERROR - Void OnError(System.Data.SqlClient.SqlException, Boolean, System.Action`1[System.Action])
2019-08-24 21:58:55,048 INFO - 
2019-08-24 21:58:55,071 INFO - 
2019-08-24 21:58:55,076 INFO - ------------------------------------------------------------------------------------------------------
2019-08-24 21:58:55,081 INFO - Time: 24-08-2019 09:58:55
2019-08-24 21:58:55,084 INFO - Path: ~/Login/Index
2019-08-24 21:58:55,097 INFO - Error: DivideByZeroException
2019-08-24 21:58:55,107 INFO - Message: Attempted to divide by zero.
2019-08-24 21:58:55,194 INFO -    at Libol.Controllers.LoginController.Index() in C:\CapstoneProject\FPT-Libol\Libol\Libol\Controllers\LoginController.cs:line 22
   at lambda_method(Closure , ControllerBase , Object[] )
   at System.Web.Mvc.ActionMethodDispatcher.Execute(ControllerBase controller, Object[] parameters)
   at System.Web.Mvc.ReflectedActionDescriptor.Execute(ControllerContext controllerContext, IDictionary`2 parameters)
   at System.Web.Mvc.ControllerActionInvoker.InvokeActionMethod(ControllerContext controllerContext, ActionDescriptor actionDescriptor, IDictionary`2 parameters)
   at System.Web.Mvc.Async.AsyncControllerActionInvoker.<>c.<BeginInvokeSynchronousActionMethod>b__9_0(IAsyncResult asyncResult, ActionInvocation innerInvokeState)
   at System.Web.Mvc.Async.AsyncResultWrapper.WrappedAsyncResult`2.CallEndDelegate(IAsyncResult asyncResult)
   at System.Web.Mvc.Async.AsyncResultWrapper.WrappedAsyncResultBase`1.End()
   at System.Web.Mvc.Async.AsyncControllerActionInvoker.EndInvokeActionMethod(IAsyncResult asyncResult)
   at System.Web.Mvc.Async.AsyncControllerActionInvoker.AsyncInvocationWithFilters.<InvokeActionMethodFilterAsynchronouslyRecursive>b__11_0()
   at System.Web.Mvc.Async.AsyncControllerActionInvoker.AsyncInvocationWithFilters.<>c__DisplayClass11_1.<InvokeActionMethodFilterAsynchronouslyRecursive>b__2()
   at System.Web.Mvc.Async.AsyncControllerActionInvoker.<>c__DisplayClass7_0.<BeginInvokeActionMethodWithFilters>b__1(IAsyncResult asyncResult)
   at System.Web.Mvc.Async.AsyncResultWrapper.WrappedAsyncResult`1.CallEndDelegate(IAsyncResult asyncResult)
   at System.Web.Mvc.Async.AsyncResultWrapper.WrappedAsyncResultBase`1.End()
   at System.Web.Mvc.Async.AsyncControllerActionInvoker.EndInvokeActionMethodWithFilters(IAsyncResult asyncResult)
   at System.Web.Mvc.Async.AsyncControllerActionInvoker.<>c__DisplayClass3_6.<BeginInvokeAction>b__3()
   at System.Web.Mvc.Async.AsyncControllerActionInvoker.<>c__DisplayClass3_1.<BeginInvokeAction>b__5(IAsyncResult asyncResult)
2019-08-28 00:57:46,961 INFO - 
2019-08-28 00:57:47,295 INFO - 
2019-08-28 00:57:47,296 INFO - ------------------------------------------------------------------------------------------------------
2019-08-28 00:57:47,296 INFO - Time: 28/08/2019 00:57:47
2019-08-28 00:57:47,296 INFO - Path: ~/AcquireReport/GetRecomendReport
2019-08-28 00:57:47,297 INFO - Error: ArgumentException
2019-08-28 00:57:47,297 INFO - Message: The parameters dictionary contains a null entry for parameter 'Library' of non-nullable type 'System.Int32' for method 'System.Web.Mvc.ActionResult GetRecomendReport(Int32, Int32, System.Nullable`1[System.Int32], System.Nullable`1[System.DateTime], System.Nullable`1[System.DateTime], System.Nullable`1[System.Int32], System.Nullable`1[System.Int32], System.Nullable`1[System.Int32], System.Web.Mvc.FormCollection)' in 'Libol.Controllers.AcquireReportController'. An optional parameter must be a reference type, a nullable type, or be declared as an optional parameter.
Parameter name: parameters
2019-08-28 00:57:47,297 INFO -    at System.Web.Mvc.ActionDescriptor.ExtractParameterFromDictionary(ParameterInfo parameterInfo, IDictionary`2 parameters, MethodInfo methodInfo)
   at System.Web.Mvc.ReflectedActionDescriptor.Execute(ControllerContext controllerContext, IDictionary`2 parameters)
   at System.Web.Mvc.ControllerActionInvoker.InvokeActionMethod(ControllerContext controllerContext, ActionDescriptor actionDescriptor, IDictionary`2 parameters)
   at System.Web.Mvc.Async.AsyncControllerActionInvoker.<>c.<BeginInvokeSynchronousActionMethod>b__9_0(IAsyncResult asyncResult, ActionInvocation innerInvokeState)
   at System.Web.Mvc.Async.AsyncResultWrapper.WrappedAsyncResult`2.CallEndDelegate(IAsyncResult asyncResult)
   at System.Web.Mvc.Async.AsyncResultWrapper.WrappedAsyncResultBase`1.End()
   at System.Web.Mvc.Async.AsyncControllerActionInvoker.EndInvokeActionMethod(IAsyncResult asyncResult)
   at System.Web.Mvc.Async.AsyncControllerActionInvoker.AsyncInvocationWithFilters.<InvokeActionMethodFilterAsynchronouslyRecursive>b__11_0()
   at System.Web.Mvc.Async.AsyncControllerActionInvoker.AsyncInvocationWithFilters.<>c__DisplayClass11_1.<InvokeActionMethodFilterAsynchronouslyRecursive>b__2()
   at System.Web.Mvc.Async.AsyncControllerActionInvoker.<>c__DisplayClass7_0.<BeginInvokeActionMethodWithFilters>b__1(IAsyncResult asyncResult)
   at System.Web.Mvc.Async.AsyncResultWrapper.WrappedAsyncResult`1.CallEndDelegate(IAsyncResult asyncResult)
   at System.Web.Mvc.Async.AsyncResultWrapper.WrappedAsyncResultBase`1.End()
   at System.Web.Mvc.Async.AsyncControllerActionInvoker.EndInvokeActionMethodWithFilters(IAsyncResult asyncResult)
   at System.Web.Mvc.Async.AsyncControllerActionInvoker.<>c__DisplayClass3_6.<BeginInvokeAction>b__3()
   at System.Web.Mvc.Async.AsyncControllerActionInvoker.<>c__DisplayClass3_1.<BeginInvokeAction>b__5(IAsyncResult asyncResult)
2019-08-28 01:31:54,790 INFO - 
2019-08-28 01:31:54,799 INFO - 
2019-08-28 01:31:54,799 INFO - ------------------------------------------------------------------------------------------------------
2019-08-28 01:31:54,799 INFO - Time: 28/08/2019 01:31:54
2019-08-28 01:31:54,800 INFO - Path: ~/AcquireReport/GetRecomendReport
2019-08-28 01:31:54,800 INFO - Error: ArgumentException
2019-08-28 01:31:54,800 INFO - Message: The parameters dictionary contains a null entry for parameter 'Library' of non-nullable type 'System.Int32' for method 'System.Web.Mvc.ActionResult GetRecomendReport(Int32, Int32, System.Nullable`1[System.Int32], System.Nullable`1[System.DateTime], System.Nullable`1[System.DateTime], System.Nullable`1[System.Int32], System.Nullable`1[System.Int32], System.Nullable`1[System.Int32], System.Web.Mvc.FormCollection)' in 'Libol.Controllers.AcquireReportController'. An optional parameter must be a reference type, a nullable type, or be declared as an optional parameter.
Parameter name: parameters
2019-08-28 01:31:54,800 INFO -    at System.Web.Mvc.ActionDescriptor.ExtractParameterFromDictionary(ParameterInfo parameterInfo, IDictionary`2 parameters, MethodInfo methodInfo)
   at System.Web.Mvc.ReflectedActionDescriptor.Execute(ControllerContext controllerContext, IDictionary`2 parameters)
   at System.Web.Mvc.ControllerActionInvoker.InvokeActionMethod(ControllerContext controllerContext, ActionDescriptor actionDescriptor, IDictionary`2 parameters)
   at System.Web.Mvc.Async.AsyncControllerActionInvoker.<>c.<BeginInvokeSynchronousActionMethod>b__9_0(IAsyncResult asyncResult, ActionInvocation innerInvokeState)
   at System.Web.Mvc.Async.AsyncResultWrapper.WrappedAsyncResult`2.CallEndDelegate(IAsyncResult asyncResult)
   at System.Web.Mvc.Async.AsyncResultWrapper.WrappedAsyncResultBase`1.End()
   at System.Web.Mvc.Async.AsyncControllerActionInvoker.EndInvokeActionMethod(IAsyncResult asyncResult)
   at System.Web.Mvc.Async.AsyncControllerActionInvoker.AsyncInvocationWithFilters.<InvokeActionMethodFilterAsynchronouslyRecursive>b__11_0()
   at System.Web.Mvc.Async.AsyncControllerActionInvoker.AsyncInvocationWithFilters.<>c__DisplayClass11_1.<InvokeActionMethodFilterAsynchronouslyRecursive>b__2()
   at System.Web.Mvc.Async.AsyncControllerActionInvoker.<>c__DisplayClass7_0.<BeginInvokeActionMethodWithFilters>b__1(IAsyncResult asyncResult)
   at System.Web.Mvc.Async.AsyncResultWrapper.WrappedAsyncResult`1.CallEndDelegate(IAsyncResult asyncResult)
   at System.Web.Mvc.Async.AsyncResultWrapper.WrappedAsyncResultBase`1.End()
   at System.Web.Mvc.Async.AsyncControllerActionInvoker.EndInvokeActionMethodWithFilters(IAsyncResult asyncResult)
   at System.Web.Mvc.Async.AsyncControllerActionInvoker.<>c__DisplayClass3_6.<BeginInvokeAction>b__3()
   at System.Web.Mvc.Async.AsyncControllerActionInvoker.<>c__DisplayClass3_1.<BeginInvokeAction>b__5(IAsyncResult asyncResult)
2019-10-01 22:32:27,440 INFO - 
2019-10-01 22:32:29,255 INFO - ------------------------------------------------------------------------------------------------------
2019-10-02 02:09:15,911 INFO - 
2019-10-02 02:09:15,923 INFO - ------------------------------------------------------------------------------------------------------
2019-10-02 02:09:15,928 ERROR - Sequence contains no elements
2019-10-02 02:09:15,956 ERROR -    at System.Linq.Enumerable.First[TSource](IEnumerable`1 source)
   at System.Data.Entity.Core.Objects.ELinq.ObjectQueryProvider.<GetElementFunction>b__0[TResult](IEnumerable`1 sequence)
   at System.Data.Entity.Core.Objects.ELinq.ObjectQueryProvider.ExecuteSingle[TResult](IEnumerable`1 query, Expression queryRoot)
   at System.Data.Entity.Core.Objects.ELinq.ObjectQueryProvider.System.Linq.IQueryProvider.Execute[TResult](Expression expression)
   at System.Data.Entity.Internal.Linq.DbQueryProvider.Execute[TResult](Expression expression)
   at System.Linq.Queryable.First[TSource](IQueryable`1 source)
   at Libol.Controllers.RenewController.GetLockPatronInfo(String strCodeVal) in C:\Users\admin\Documents\GitHub\Libol\FPT-Libol-master\Libol\Libol\Controllers\RenewController.cs:line 175
   at lambda_method(Closure , ControllerBase , Object[] )
   at System.Web.Mvc.ActionMethodDispatcher.Execute(ControllerBase controller, Object[] parameters)
   at System.Web.Mvc.ReflectedActionDescriptor.Execute(ControllerContext controllerContext, IDictionary`2 parameters)
   at System.Web.Mvc.ControllerActionInvoker.InvokeActionMethod(ControllerContext controllerContext, ActionDescriptor actionDescriptor, IDictionary`2 parameters)
   at System.Web.Mvc.Async.AsyncControllerActionInvoker.<>c.<BeginInvokeSynchronousActionMethod>b__9_0(IAsyncResult asyncResult, ActionInvocation innerInvokeState)
   at System.Web.Mvc.Async.AsyncResultWrapper.WrappedAsyncResult`2.CallEndDelegate(IAsyncResult asyncResult)
   at System.Web.Mvc.Async.AsyncResultWrapper.WrappedAsyncResultBase`1.End()
   at System.Web.Mvc.Async.AsyncControllerActionInvoker.EndInvokeActionMethod(IAsyncResult asyncResult)
   at System.Web.Mvc.Async.AsyncControllerActionInvoker.AsyncInvocationWithFilters.<InvokeActionMethodFilterAsynchronouslyRecursive>b__11_0()
   at System.Web.Mvc.Async.AsyncControllerActionInvoker.AsyncInvocationWithFilters.<>c__DisplayClass11_1.<InvokeActionMethodFilterAsynchronouslyRecursive>b__2()
   at System.Web.Mvc.Async.AsyncControllerActionInvoker.<>c__DisplayClass7_0.<BeginInvokeActionMethodWithFilters>b__1(IAsyncResult asyncResult)
   at System.Web.Mvc.Async.AsyncResultWrapper.WrappedAsyncResult`1.CallEndDelegate(IAsyncResult asyncResult)
   at System.Web.Mvc.Async.AsyncResultWrapper.WrappedAsyncResultBase`1.End()
   at System.Web.Mvc.Async.AsyncControllerActionInvoker.EndInvokeActionMethodWithFilters(IAsyncResult asyncResult)
   at System.Web.Mvc.Async.AsyncControllerActionInvoker.<>c__DisplayClass3_6.<BeginInvokeAction>b__3()
   at System.Web.Mvc.Async.AsyncControllerActionInvoker.<>c__DisplayClass3_1.<BeginInvokeAction>b__5(IAsyncResult asyncResult)
   at System.Web.Mvc.Async.AsyncResultWrapper.WrappedAsyncResult`1.CallEndDelegate(IAsyncResult asyncResult)
   at System.Web.Mvc.Async.AsyncResultWrapper.WrappedAsyncResultBase`1.End()
   at System.Web.Mvc.Async.AsyncControllerActionInvoker.EndInvokeAction(IAsyncResult asyncResult)
   at System.Web.Mvc.Controller.<>c.<BeginExecuteCore>b__152_1(IAsyncResult asyncResult, ExecuteCoreState innerState)
   at System.Web.Mvc.Async.AsyncResultWrapper.WrappedAsyncVoid`1.CallEndDelegate(IAsyncResult asyncResult)
   at System.Web.Mvc.Async.AsyncResultWrapper.WrappedAsyncResultBase`1.End()
   at System.Web.Mvc.Controller.EndExecuteCore(IAsyncResult asyncResult)
   at System.Web.Mvc.Controller.<>c.<BeginExecute>b__151_2(IAsyncResult asyncResult, Controller controller)
   at System.Web.Mvc.Async.AsyncResultWrapper.WrappedAsyncVoid`1.CallEndDelegate(IAsyncResult asyncResult)
   at System.Web.Mvc.Async.AsyncResultWrapper.WrappedAsyncResultBase`1.End()
   at System.Web.Mvc.Controller.EndExecute(IAsyncResult asyncResult)
   at System.Web.Mvc.Controller.System.Web.Mvc.Async.IAsyncController.EndExecute(IAsyncResult asyncResult)
   at System.Web.Mvc.MvcHandler.<>c.<BeginProcessRequest>b__20_1(IAsyncResult asyncResult, ProcessRequestState innerState)
   at System.Web.Mvc.Async.AsyncResultWrapper.WrappedAsyncVoid`1.CallEndDelegate(IAsyncResult asyncResult)
   at System.Web.Mvc.Async.AsyncResultWrapper.WrappedAsyncResultBase`1.End()
   at System.Web.Mvc.MvcHandler.EndProcessRequest(IAsyncResult asyncResult)
   at System.Web.Mvc.MvcHandler.System.Web.IHttpAsyncHandler.EndProcessRequest(IAsyncResult result)
   at System.Web.HttpApplication.CallHandlerExecutionStep.System.Web.HttpApplication.IExecutionStep.Execute()
   at System.Web.HttpApplication.ExecuteStepImpl(IExecutionStep step)
   at System.Web.HttpApplication.ExecuteStep(IExecutionStep step, Boolean& completedSynchronously)
2019-10-02 02:09:15,957 ERROR - TSource First[TSource](System.Collections.Generic.IEnumerable`1[TSource])
2019-10-17 16:19:11,725 INFO - 
2019-10-17 16:19:11,740 INFO - ------------------------------------------------------------------------------------------------------
2019-10-17 16:19:11,741 ERROR - The code block is missing a closing "}" character.  Make sure you have a matching "}" character for all the "{" characters within this block, and that none of the "}" characters are being interpreted as markup.

2019-10-17 16:19:11,744 ERROR -    at System.Web.WebPages.Razor.RazorBuildProvider.EnsureGeneratedCode()
   at System.Web.WebPages.Razor.RazorBuildProvider.get_CodeCompilerType()
   at System.Web.Compilation.BuildProvider.GetCompilerTypeFromBuildProvider(BuildProvider buildProvider)
   at System.Web.Compilation.BuildProvidersCompiler.ProcessBuildProviders()
   at System.Web.Compilation.BuildProvidersCompiler.PerformBuild()
   at System.Web.Compilation.BuildManager.CompileWebFile(VirtualPath virtualPath)
   at System.Web.Compilation.BuildManager.GetVPathBuildResultInternal(VirtualPath virtualPath, Boolean noBuild, Boolean allowCrossApp, Boolean allowBuildInPrecompile, Boolean throwIfNotFound, Boolean ensureIsUpToDate)
   at System.Web.Compilation.BuildManager.GetVPathBuildResultWithNoAssert(HttpContext context, VirtualPath virtualPath, Boolean noBuild, Boolean allowCrossApp, Boolean allowBuildInPrecompile, Boolean throwIfNotFound, Boolean ensureIsUpToDate)
   at System.Web.Compilation.BuildManager.GetVirtualPathObjectFactory(VirtualPath virtualPath, HttpContext context, Boolean allowCrossApp, Boolean throwIfNotFound)
   at System.Web.Compilation.BuildManager.GetCompiledType(VirtualPath virtualPath)
   at System.Web.Compilation.BuildManager.GetCompiledType(String virtualPath)
   at System.Web.Mvc.BuildManagerWrapper.System.Web.Mvc.IBuildManager.GetCompiledType(String virtualPath)
   at System.Web.Mvc.BuildManagerCompiledView.Render(ViewContext viewContext, TextWriter writer)
   at System.Web.Mvc.ViewResultBase.ExecuteResult(ControllerContext context)
   at System.Web.Mvc.ControllerActionInvoker.InvokeActionResult(ControllerContext controllerContext, ActionResult actionResult)
   at System.Web.Mvc.ControllerActionInvoker.InvokeActionResultFilterRecursive(IList`1 filters, Int32 filterIndex, ResultExecutingContext preContext, ControllerContext controllerContext, ActionResult actionResult)
   at System.Web.Mvc.ControllerActionInvoker.InvokeActionResultFilterRecursive(IList`1 filters, Int32 filterIndex, ResultExecutingContext preContext, ControllerContext controllerContext, ActionResult actionResult)
   at System.Web.Mvc.ControllerActionInvoker.InvokeActionResultWithFilters(ControllerContext controllerContext, IList`1 filters, ActionResult actionResult)
   at System.Web.Mvc.Async.AsyncControllerActionInvoker.<>c__DisplayClass3_6.<BeginInvokeAction>b__3()
   at System.Web.Mvc.Async.AsyncControllerActionInvoker.<>c__DisplayClass3_1.<BeginInvokeAction>b__5(IAsyncResult asyncResult)
   at System.Web.Mvc.Async.AsyncResultWrapper.WrappedAsyncResult`1.CallEndDelegate(IAsyncResult asyncResult)
   at System.Web.Mvc.Async.AsyncResultWrapper.WrappedAsyncResultBase`1.End()
   at System.Web.Mvc.Async.AsyncControllerActionInvoker.EndInvokeAction(IAsyncResult asyncResult)
   at System.Web.Mvc.Controller.<>c.<BeginExecuteCore>b__152_1(IAsyncResult asyncResult, ExecuteCoreState innerState)
   at System.Web.Mvc.Async.AsyncResultWrapper.WrappedAsyncVoid`1.CallEndDelegate(IAsyncResult asyncResult)
   at System.Web.Mvc.Async.AsyncResultWrapper.WrappedAsyncResultBase`1.End()
   at System.Web.Mvc.Controller.EndExecuteCore(IAsyncResult asyncResult)
   at System.Web.Mvc.Controller.<>c.<BeginExecute>b__151_2(IAsyncResult asyncResult, Controller controller)
   at System.Web.Mvc.Async.AsyncResultWrapper.WrappedAsyncVoid`1.CallEndDelegate(IAsyncResult asyncResult)
   at System.Web.Mvc.Async.AsyncResultWrapper.WrappedAsyncResultBase`1.End()
   at System.Web.Mvc.Controller.EndExecute(IAsyncResult asyncResult)
   at System.Web.Mvc.Controller.System.Web.Mvc.Async.IAsyncController.EndExecute(IAsyncResult asyncResult)
   at System.Web.Mvc.MvcHandler.<>c.<BeginProcessRequest>b__20_1(IAsyncResult asyncResult, ProcessRequestState innerState)
   at System.Web.Mvc.Async.AsyncResultWrapper.WrappedAsyncVoid`1.CallEndDelegate(IAsyncResult asyncResult)
   at System.Web.Mvc.Async.AsyncResultWrapper.WrappedAsyncResultBase`1.End()
   at System.Web.Mvc.MvcHandler.EndProcessRequest(IAsyncResult asyncResult)
   at System.Web.Mvc.MvcHandler.System.Web.IHttpAsyncHandler.EndProcessRequest(IAsyncResult result)
   at System.Web.HttpApplication.CallHandlerExecutionStep.System.Web.HttpApplication.IExecutionStep.Execute()
   at System.Web.HttpApplication.ExecuteStepImpl(IExecutionStep step)
   at System.Web.HttpApplication.ExecuteStep(IExecutionStep step, Boolean& completedSynchronously)
2019-10-17 16:19:11,746 ERROR - Void EnsureGeneratedCode()
2019-10-17 17:29:11,858 INFO - 
2019-10-17 17:29:11,867 INFO - ------------------------------------------------------------------------------------------------------
2019-10-17 17:29:11,869 ERROR - C:\Users\admin\Documents\GitHub\Libol\FPT-Libol-master\Libol\Libol\Views\Acquisition\GetInventoryReport.cshtml(126): error CS0128: A local variable or function named 'STT' is already defined in this scope
2019-10-17 17:29:11,871 ERROR -    at System.Web.Compilation.AssemblyBuilder.Compile()
   at System.Web.Compilation.BuildProvidersCompiler.PerformBuild()
   at System.Web.Compilation.BuildManager.CompileWebFile(VirtualPath virtualPath)
   at System.Web.Compilation.BuildManager.GetVPathBuildResultInternal(VirtualPath virtualPath, Boolean noBuild, Boolean allowCrossApp, Boolean allowBuildInPrecompile, Boolean throwIfNotFound, Boolean ensureIsUpToDate)
   at System.Web.Compilation.BuildManager.GetVPathBuildResultWithNoAssert(HttpContext context, VirtualPath virtualPath, Boolean noBuild, Boolean allowCrossApp, Boolean allowBuildInPrecompile, Boolean throwIfNotFound, Boolean ensureIsUpToDate)
   at System.Web.Compilation.BuildManager.GetVirtualPathObjectFactory(VirtualPath virtualPath, HttpContext context, Boolean allowCrossApp, Boolean throwIfNotFound)
   at System.Web.Compilation.BuildManager.GetCompiledType(VirtualPath virtualPath)
   at System.Web.Compilation.BuildManager.GetCompiledType(String virtualPath)
   at System.Web.Mvc.BuildManagerWrapper.System.Web.Mvc.IBuildManager.GetCompiledType(String virtualPath)
   at System.Web.Mvc.BuildManagerCompiledView.Render(ViewContext viewContext, TextWriter writer)
   at System.Web.Mvc.ViewResultBase.ExecuteResult(ControllerContext context)
   at System.Web.Mvc.ControllerActionInvoker.InvokeActionResult(ControllerContext controllerContext, ActionResult actionResult)
   at System.Web.Mvc.ControllerActionInvoker.InvokeActionResultFilterRecursive(IList`1 filters, Int32 filterIndex, ResultExecutingContext preContext, ControllerContext controllerContext, ActionResult actionResult)
   at System.Web.Mvc.ControllerActionInvoker.InvokeActionResultFilterRecursive(IList`1 filters, Int32 filterIndex, ResultExecutingContext preContext, ControllerContext controllerContext, ActionResult actionResult)
   at System.Web.Mvc.ControllerActionInvoker.InvokeActionResultWithFilters(ControllerContext controllerContext, IList`1 filters, ActionResult actionResult)
   at System.Web.Mvc.Async.AsyncControllerActionInvoker.<>c__DisplayClass3_6.<BeginInvokeAction>b__3()
   at System.Web.Mvc.Async.AsyncControllerActionInvoker.<>c__DisplayClass3_1.<BeginInvokeAction>b__5(IAsyncResult asyncResult)
   at System.Web.Mvc.Async.AsyncResultWrapper.WrappedAsyncResult`1.CallEndDelegate(IAsyncResult asyncResult)
   at System.Web.Mvc.Async.AsyncResultWrapper.WrappedAsyncResultBase`1.End()
   at System.Web.Mvc.Async.AsyncControllerActionInvoker.EndInvokeAction(IAsyncResult asyncResult)
   at System.Web.Mvc.Controller.<>c.<BeginExecuteCore>b__152_1(IAsyncResult asyncResult, ExecuteCoreState innerState)
   at System.Web.Mvc.Async.AsyncResultWrapper.WrappedAsyncVoid`1.CallEndDelegate(IAsyncResult asyncResult)
   at System.Web.Mvc.Async.AsyncResultWrapper.WrappedAsyncResultBase`1.End()
   at System.Web.Mvc.Controller.EndExecuteCore(IAsyncResult asyncResult)
   at System.Web.Mvc.Controller.<>c.<BeginExecute>b__151_2(IAsyncResult asyncResult, Controller controller)
   at System.Web.Mvc.Async.AsyncResultWrapper.WrappedAsyncVoid`1.CallEndDelegate(IAsyncResult asyncResult)
   at System.Web.Mvc.Async.AsyncResultWrapper.WrappedAsyncResultBase`1.End()
   at System.Web.Mvc.Controller.EndExecute(IAsyncResult asyncResult)
   at System.Web.Mvc.Controller.System.Web.Mvc.Async.IAsyncController.EndExecute(IAsyncResult asyncResult)
   at System.Web.Mvc.MvcHandler.<>c.<BeginProcessRequest>b__20_1(IAsyncResult asyncResult, ProcessRequestState innerState)
   at System.Web.Mvc.Async.AsyncResultWrapper.WrappedAsyncVoid`1.CallEndDelegate(IAsyncResult asyncResult)
   at System.Web.Mvc.Async.AsyncResultWrapper.WrappedAsyncResultBase`1.End()
   at System.Web.Mvc.MvcHandler.EndProcessRequest(IAsyncResult asyncResult)
   at System.Web.Mvc.MvcHandler.System.Web.IHttpAsyncHandler.EndProcessRequest(IAsyncResult result)
   at System.Web.HttpApplication.CallHandlerExecutionStep.System.Web.HttpApplication.IExecutionStep.Execute()
   at System.Web.HttpApplication.ExecuteStepImpl(IExecutionStep step)
   at System.Web.HttpApplication.ExecuteStep(IExecutionStep step, Boolean& completedSynchronously)
2019-10-17 17:29:11,874 ERROR - System.CodeDom.Compiler.CompilerResults Compile()
2019-10-17 17:30:09,894 INFO - 
2019-10-17 17:30:09,895 INFO - 
2019-10-17 17:30:09,896 INFO - ------------------------------------------------------------------------------------------------------
2019-10-17 17:30:09,896 INFO - Time: 17/10/2019 17:30:09
2019-10-17 17:30:09,897 INFO - <!DOCTYPE html>
<html>
    <head>
        <title>Compilation Error</title>
        <meta name="viewport" content="width=device-width" />
        <style>
         body {font-family:"Verdana";font-weight:normal;font-size: .7em;color:black;} 
         p {font-family:"Verdana";font-weight:normal;color:black;margin-top: -5px}
         b {font-family:"Verdana";font-weight:bold;color:black;margin-top: -5px}
         H1 { font-family:"Verdana";font-weight:normal;font-size:18pt;color:red }
         H2 { font-family:"Verdana";font-weight:normal;font-size:14pt;color:maroon }
         pre {font-family:"Consolas","Lucida Console",Monospace;font-size:11pt;margin:0;padding:0.5em;line-height:14pt}
         .marker {font-weight: bold; color: black;text-decoration: none;}
         .version {color: gray;}
         .error {margin-bottom: 10px;}
         .expandable { text-decoration:underline; font-weight:bold; color:navy; cursor:hand; }
         @media screen and (max-width: 639px) {
          pre { width: 440px; overflow: auto; white-space: pre-wrap; word-wrap: break-word; }
         }
         @media screen and (max-width: 479px) {
          pre { width: 280px; }
         }
        </style>
    </head>

    <body bgcolor="white">

            <span><H1>Server Error in '/' Application.<hr width=100% size=1 color=silver></H1>

            <h2> <i>Compilation Error</i> </h2></span>

            <font face="Arial, Helvetica, Geneva, SunSans-Regular, sans-serif ">

            <b> Description: </b>An error occurred during the compilation of a resource required to service this request. Please review the following specific error details and modify your source code appropriately.
            <br><br>

            <b> Compiler Error Message: </b>CS0128: A local variable or function named &#39;STT&#39; is already defined in this scope<br><br>
<b>Source Error:</b><br><br>
            <table width=100% bgcolor="#ffffcc">
               <tr><td>
                              </td></tr>
               <tr>
                  <td>
                      <code><pre>

Line 124:                    &lt;tbody&gt;
Line 125:                        @{
<font color=red>Line 126:                            int STT = 1;
</font>Line 127:                        }
Line 128:                        @foreach (var item in ViewBag.ExcessDataResult)</pre></code>

                  </td>
               </tr>
            </table>

            <br>

            <b>Source File:</b> C:\Users\admin\Documents\GitHub\Libol\FPT-Libol-master\Libol\Libol\Views\Acquisition\GetInventoryReport.cshtml
            &nbsp;&nbsp; <b>Line:</b>  126
            <br><br>
<br><div class="expandable" onclick="OnToggleTOCLevel1('warningDiv')">Compiler Warning Messages:</div>
<div id="warningDiv" style="display: none;">
<b>Warning:</b> CS0219: The variable &#39;STT&#39; is assigned but its value is never used<br>
<b>Source Error:</b><br><br>
            <table width=100% bgcolor="#ffffcc">
               <tr><td>
               <b>C:\Users\admin\Documents\GitHub\Libol\FPT-Libol-master\Libol\Libol\Views\Acquisition\GetInventoryReport.cshtml</b>
               </td></tr>
               <tr>
                  <td>
                      <code><pre>

Line 124:                    &lt;tbody&gt;
Line 125:                        @{
<font color=red>Line 126:                            int STT = 1;
</font>Line 127:                        }
Line 128:                        @foreach (var item in ViewBag.ExcessDataResult)</pre></code>

                  </td>
               </tr>
            </table>

            <br>

</div>
<br><div class="expandable" onclick="OnToggleTOCLevel1('compilerOutputDiv')">Show Detailed Compiler Output:</div>
<div id="compilerOutputDiv" style="display: none;">
            <br><table width=100% bgcolor="#ffffcc">
               <tr>
                  <td>
                      <code><pre>

C:\Program Files (x86)\IIS Express&gt;C:\Users\admin\Documents\GitHub\Libol\FPT-Libol-master\Libol\Libol\bin\roslyn\csc.exe /t:library /utf8output /nostdlib+ /R:&quot;C:\Windows\Microsoft.NET\Framework\v4.0.30319\mscorlib.dll&quot; /R:&quot;C:\Windows\Microsoft.Net\assembly\GAC_MSIL\System.Runtime\v4.0_4.0.0.0__b03f5f7f11d50a3a\System.Runtime.dll&quot; /R:&quot;C:\Windows\Microsoft.Net\assembly\GAC_MSIL\System.Runtime.Serialization\v4.0_4.0.0.0__b77a5c561934e089\System.Runtime.Serialization.dll&quot; /R:&quot;C:\Users\admin\AppData\Local\Temp\Temporary ASP.NET Files\vs\44ae891d\ed9103ec\assembly\dl3\6ff3c44b\092d6cee_3684d501\Microsoft.ApplicationInsights.dll&quot; /R:&quot;C:\Windows\Microsoft.Net\assembly\GAC_32\System.EnterpriseServices\v4.0_4.0.0.0__b03f5f7f11d50a3a\System.EnterpriseServices.dll&quot; /R:&quot;C:\Users\admin\AppData\Local\Temp\Temporary ASP.NET Files\vs\44ae891d\ed9103ec\assembly\dl3\deb2eda4\707d14ef_3684d501\System.ComponentModel.Annotations.dll&quot; /R:&quot;C:\Windows\Microsoft.Net\assembly\GAC_MSIL\System.Activities\v4.0_4.0.0.0__31bf3856ad364e35\System.Activities.dll&quot; /R:&quot;C:\Windows\Microsoft.Net\assembly\GAC_MSIL\Microsoft.VisualStudio.Web.PageInspector.Loader\v4.0_1.0.0.0__b03f5f7f11d50a3a\Microsoft.VisualStudio.Web.PageInspector.Loader.dll&quot; /R:&quot;C:\Windows\Microsoft.Net\assembly\GAC_MSIL\System.WorkflowServices\v4.0_4.0.0.0__31bf3856ad364e35\System.WorkflowServices.dll&quot; /R:&quot;C:\Users\admin\AppData\Local\Temp\Temporary ASP.NET Files\vs\44ae891d\ed9103ec\App_global.asax.qvfcvbug.dll&quot; /R:&quot;C:\Users\admin\AppData\Local\Temp\Temporary ASP.NET Files\vs\44ae891d\ed9103ec\assembly\dl3\8ed06fc1\4e3efaee_3684d501\Newtonsoft.Json.dll&quot; /R:&quot;C:\Users\admin\AppData\Local\Temp\Temporary ASP.NET Files\vs\44ae891d\ed9103ec\assembly\dl3\250b8217\a9a1a7ed_3684d501\EntityFramework.dll&quot; /R:&quot;C:\Users\admin\AppData\Local\Temp\Temporary ASP.NET Files\vs\44ae891d\ed9103ec\assembly\dl3\b993d403\01ad83ee_3684d501\System.Web.Razor.dll&quot; /R:&quot;C:\Users\admin\AppData\Local\Temp\Temporary ASP.NET Files\vs\44ae891d\ed9103ec\assembly\dl3\416570f1\60ba2b98_3d84d501\Libol.dll&quot; /R:&quot;C:\Users\admin\AppData\Local\Temp\Temporary ASP.NET Files\vs\44ae891d\ed9103ec\assembly\dl3\8de3bfea\d7903cee_3684d501\Hangfire.SqlServer.dll&quot; /R:&quot;C:\Windows\Microsoft.Net\assembly\GAC_MSIL\System.Drawing\v4.0_4.0.0.0__b03f5f7f11d50a3a\System.Drawing.dll&quot; /R:&quot;C:\Users\admin\AppData\Local\Temp\Temporary ASP.NET Files\vs\44ae891d\ed9103ec\assembly\dl3\ac13d649\c4976aed_3684d501\Antlr3.Runtime.dll&quot; /R:&quot;C:\Users\admin\AppData\Local\Temp\Temporary ASP.NET Files\vs\44ae891d\ed9103ec\assembly\dl3\be3987a9\71a443ef_3684d501\WebGrease.dll&quot; /R:&quot;C:\Users\admin\AppData\Local\Temp\Temporary ASP.NET Files\vs\44ae891d\ed9103ec\assembly\dl3\7523ad22\d9620eef_3684d501\PagedList.Mvc.dll&quot; /R:&quot;C:\Users\admin\AppData\Local\Temp\Temporary ASP.NET Files\vs\44ae891d\ed9103ec\assembly\dl3\55cb3875\2302efef_3684d501\log4net.dll&quot; /R:&quot;C:\Users\admin\AppData\Local\Temp\Temporary ASP.NET Files\vs\44ae891d\ed9103ec\assembly\dl3\7dd37df2\38e6ebee_3684d501\Microsoft.Owin.Host.SystemWeb.dll&quot; /R:&quot;C:\Windows\Microsoft.Net\assembly\GAC_MSIL\System.ServiceModel\v4.0_4.0.0.0__b77a5c561934e089\System.ServiceModel.dll&quot; /R:&quot;C:\Windows\Microsoft.Net\assembly\GAC_MSIL\System.ServiceModel.Activities\v4.0_4.0.0.0__31bf3856ad364e35\System.ServiceModel.Activities.dll&quot; /R:&quot;C:\Users\admin\AppData\Local\Temp\Temporary ASP.NET Files\vs\44ae891d\ed9103ec\assembly\dl3\fd8b3f43\20f39ced_3684d501\EntityFramework.SqlServer.dll&quot; /R:&quot;C:\Users\admin\AppData\Local\Temp\Temporary ASP.NET Files\vs\44ae891d\ed9103ec\assembly\dl3\0085cb89\07a87cee_3684d501\Microsoft.AI.ServerTelemetryChannel.dll&quot; /R:&quot;C:\Users\admin\AppData\Local\Temp\Temporary ASP.NET Files\vs\44ae891d\ed9103ec\assembly\dl3\ea4316fe\a4bd7bee_3684d501\Microsoft.AI.WindowsServer.dll&quot; /R:&quot;C:\Windows\Microsoft.Net\assembly\GAC_MSIL\System.Web.Services\v4.0_4.0.0.0__b03f5f7f11d50a3a\System.Web.Services.dll&quot; /R:&quot;C:\Windows\Microsoft.Net\assembly\GAC_MSIL\System.ServiceModel.Activation\v4.0_4.0.0.0__31bf3856ad364e35\System.ServiceModel.Activation.dll&quot; /R:&quot;C:\Windows\Microsoft.Net\assembly\GAC_MSIL\System.Xml.Linq\v4.0_4.0.0.0__b77a5c561934e089\System.Xml.Linq.dll&quot; /R:&quot;C:\Windows\Microsoft.Net\assembly\GAC_MSIL\System.Web.ApplicationServices\v4.0_4.0.0.0__31bf3856ad364e35\System.Web.ApplicationServices.dll&quot; /R:&quot;C:\Users\admin\AppData\Local\Temp\Temporary ASP.NET Files\vs\44ae891d\ed9103ec\assembly\dl3\81b3aecd\24b688ee_3684d501\System.Web.WebPages.Razor.dll&quot; /R:&quot;C:\Users\admin\AppData\Local\Temp\Temporary ASP.NET Files\vs\44ae891d\ed9103ec\assembly\dl3\f20917bc\334837ef_3684d501\System.Diagnostics.DiagnosticSource.dll&quot; /R:&quot;C:\Windows\Microsoft.Net\assembly\GAC_MSIL\System.Core\v4.0_4.0.0.0__b77a5c561934e089\System.Core.dll&quot; /R:&quot;C:\Users\admin\AppData\Local\Temp\Temporary ASP.NET Files\vs\44ae891d\ed9103ec\assembly\dl3\abc71b1d\760578ed_3684d501\EPPlus.dll&quot; /R:&quot;C:\Users\admin\AppData\Local\Temp\Temporary ASP.NET Files\vs\44ae891d\ed9103ec\assembly\dl3\12c03088\dde879ee_3684d501\Microsoft.AI.Web.dll&quot; /R:&quot;C:\Users\admin\AppData\Local\Temp\Temporary ASP.NET Files\vs\44ae891d\ed9103ec\assembly\dl3\696409bb\2c6c86ee_3684d501\Microsoft.AspNet.TelemetryCorrelation.dll&quot; /R:&quot;C:\Windows\Microsoft.Net\assembly\GAC_MSIL\System.Xml\v4.0_4.0.0.0__b77a5c561934e089\System.Xml.dll&quot; /R:&quot;C:\Windows\Microsoft.Net\assembly\GAC_32\System.Data\v4.0_4.0.0.0__b77a5c561934e089\System.Data.dll&quot; /R:&quot;C:\Users\admin\AppData\Local\Temp\Temporary ASP.NET Files\vs\44ae891d\ed9103ec\assembly\dl3\7b24f54e\6e0887ee_3684d501\System.Web.Optimization.dll&quot; /R:&quot;C:\Windows\Microsoft.Net\assembly\GAC_MSIL\System.Web.DynamicData\v4.0_4.0.0.0__31bf3856ad364e35\System.Web.DynamicData.dll&quot; /R:&quot;C:\Users\admin\AppData\Local\Temp\Temporary ASP.NET Files\vs\44ae891d\ed9103ec\assembly\dl3\544c7da4\552a0def_3684d501\PagedList.dll&quot; /R:&quot;C:\Users\admin\AppData\Local\Temp\Temporary ASP.NET Files\vs\44ae891d\ed9103ec\assembly\dl3\710b10c7\b7d611ee_3684d501\Hangfire.Core.dll&quot; /R:&quot;C:\Users\admin\AppData\Local\Temp\Temporary ASP.NET Files\vs\44ae891d\ed9103ec\assembly\dl3\7c582949\e49e77ee_3684d501\Microsoft.AI.PerfCounterCollector.dll&quot; /R:&quot;C:\Users\admin\AppData\Local\Temp\Temporary ASP.NET Files\vs\44ae891d\ed9103ec\assembly\dl3\f01fadad\a9b874ee_3684d501\Microsoft.AI.DependencyCollector.dll&quot; /R:&quot;C:\Users\admin\AppData\Local\Temp\Temporary ASP.NET Files\vs\44ae891d\ed9103ec\assembly\dl3\9894e443\043273ee_3684d501\Microsoft.AI.Agent.Intercept.dll&quot; /R:&quot;C:\Users\admin\AppData\Local\Temp\Temporary ASP.NET Files\vs\44ae891d\ed9103ec\assembly\dl3\faf129df\23b50cef_3684d501\Owin.dll&quot; /R:&quot;C:\Users\admin\AppData\Local\Temp\Temporary ASP.NET Files\vs\44ae891d\ed9103ec\assembly\dl3\c2900bc6\56ae80ef_3684d501\zxing.presentation.dll&quot; /R:&quot;C:\Windows\Microsoft.Net\assembly\GAC_MSIL\System.IdentityModel\v4.0_4.0.0.0__b77a5c561934e089\System.IdentityModel.dll&quot; /R:&quot;C:\Windows\Microsoft.Net\assembly\GAC_MSIL\System.Configuration\v4.0_4.0.0.0__b03f5f7f11d50a3a\System.Configuration.dll&quot; /R:&quot;C:\Windows\Microsoft.Net\assembly\GAC_MSIL\Microsoft.CSharp\v4.0_4.0.0.0__b03f5f7f11d50a3a\Microsoft.CSharp.dll&quot; /R:&quot;C:\Users\admin\AppData\Local\Temp\Temporary ASP.NET Files\vs\44ae891d\ed9103ec\assembly\dl3\088b6e1f\c4d4eaee_3684d501\Microsoft.Owin.dll&quot; /R:&quot;C:\Users\admin\AppData\Local\Temp\Temporary ASP.NET Files\vs\44ae891d\ed9103ec\assembly\dl3\b243eb86\0c0fa0ee_3684d501\Microsoft.CodeDom.Providers.DotNetCompilerPlatform.dll&quot; /R:&quot;C:\Windows\Microsoft.Net\assembly\GAC_32\System.Web\v4.0_4.0.0.0__b03f5f7f11d50a3a\System.Web.dll&quot; /R:&quot;C:\Windows\Microsoft.Net\assembly\GAC_MSIL\System.ServiceModel.Web\v4.0_4.0.0.0__31bf3856ad364e35\System.ServiceModel.Web.dll&quot; /R:&quot;C:\Windows\Microsoft.Net\assembly\GAC_MSIL\System.Web.Extensions\v4.0_4.0.0.0__31bf3856ad364e35\System.Web.Extensions.dll&quot; /R:&quot;C:\Users\admin\AppData\Local\Temp\Temporary ASP.NET Files\vs\44ae891d\ed9103ec\assembly\dl3\306bd868\036888ee_3684d501\System.Web.WebPages.Deployment.dll&quot; /R:&quot;C:\Users\admin\AppData\Local\Temp\Temporary ASP.NET Files\vs\44ae891d\ed9103ec\assembly\dl3\01c03384\dea37eee_3684d501\System.Web.Mvc.dll&quot; /R:&quot;C:\Windows\Microsoft.Net\assembly\GAC_MSIL\System.ComponentModel.DataAnnotations\v4.0_4.0.0.0__31bf3856ad364e35\System.ComponentModel.DataAnnotations.dll&quot; /R:&quot;C:\Users\admin\AppData\Local\Temp\Temporary ASP.NET Files\vs\44ae891d\ed9103ec\assembly\dl3\8f58a9b7\c14e7fef_3684d501\zxing.dll&quot; /R:&quot;C:\Windows\Microsoft.NET\Framework\v4.0.30319\mscorlib.dll&quot; /R:&quot;C:\Users\admin\AppData\Local\Temp\Temporary ASP.NET Files\vs\44ae891d\ed9103ec\assembly\dl3\e89fe8cb\b8e100eb_3684d501\XCrypt.dll&quot; /R:&quot;C:\Users\admin\AppData\Local\Temp\Temporary ASP.NET Files\vs\44ae891d\ed9103ec\assembly\dl3\cceb5686\e21988ee_3684d501\System.Web.Helpers.dll&quot; /R:&quot;C:\Users\admin\AppData\Local\Temp\Temporary ASP.NET Files\vs\44ae891d\ed9103ec\assembly\dl3\aac9aa0c\7a82ecee_3684d501\Microsoft.Web.Infrastructure.dll&quot; /R:&quot;C:\Windows\Microsoft.Net\assembly\GAC_MSIL\System.Data.DataSetExtensions\v4.0_4.0.0.0__b77a5c561934e089\System.Data.DataSetExtensions.dll&quot; /R:&quot;C:\Windows\Microsoft.Net\assembly\GAC_MSIL\System\v4.0_4.0.0.0__b77a5c561934e089\System.dll&quot; /R:&quot;C:\Users\admin\AppData\Local\Temp\Temporary ASP.NET Files\vs\44ae891d\ed9103ec\assembly\dl3\3370bdd5\675289ee_3684d501\System.Web.WebPages.dll&quot; /out:&quot;C:\Users\admin\AppData\Local\Temp\Temporary ASP.NET Files\vs\44ae891d\ed9103ec\App_Web_getinventoryreport.cshtml.13f05866.ujyo-yse.dll&quot; /D:DEBUG /debug+ /optimize- /warnaserror- /w:4 /nowarn:1659;1699;1701;612;618 /langversion:default /nowarn:1659;1699;1701  &quot;C:\Users\admin\AppData\Local\Temp\Temporary ASP.NET Files\vs\44ae891d\ed9103ec\App_Web_getinventoryreport.cshtml.13f05866.ujyo-yse.0.cs&quot; &quot;C:\Users\admin\AppData\Local\Temp\Temporary ASP.NET Files\vs\44ae891d\ed9103ec\App_Web_getinventoryreport.cshtml.13f05866.ujyo-yse.1.cs&quot;


Microsoft (R) Visual C# Compiler version 2.8.2.62916 (2ad4aabc)
Copyright (C) Microsoft Corporation. All rights reserved.

C:\Users\admin\Documents\GitHub\Libol\FPT-Libol-master\Libol\Libol\Views\Acquisition\GetInventoryReport.cshtml(126,33): error CS0128: A local variable or function named &#39;STT&#39; is already defined in this scope
C:\Users\admin\Documents\GitHub\Libol\FPT-Libol-master\Libol\Libol\Views\Acquisition\GetInventoryReport.cshtml(126,33): warning CS0219: The variable &#39;STT&#39; is assigned but its value is never used
</pre></code>

                  </td>
               </tr>
            </table>

            

</div>
<br><div class="expandable" onclick="OnToggleTOCLevel1('dynamicCodeDiv')">Show Complete Compilation Source:</div>
<div id="dynamicCodeDiv" style="display: none;">
            <br><table width=100% bgcolor="#ffffcc">
               <tr>
                  <td>
                      <code><pre>

Line 1:    #pragma checksum &quot;C:\Users\admin\Documents\GitHub\Libol\FPT-Libol-master\Libol\Libol\Views\Acquisition\GetInventoryReport.cshtml&quot; &quot;{ff1816ec-aa5e-4d10-87f7-6f4963833460}&quot; &quot;4F49AAF711E349596D8C4B8619CC36C6FFA76DBE&quot;Line 2:    //------------------------------------------------------------------------------Line 3:    // &lt;auto-generated&gt;Line 4:    //     This code was generated by a tool.Line 5:    //     Runtime Version:4.0.30319.42000Line 6:    //Line 7:    //     Changes to this file may cause incorrect behavior and will be lost ifLine 8:    //     the code is regenerated.Line 9:    // &lt;/auto-generated&gt;Line 10:   //------------------------------------------------------------------------------Line 11:   Line 12:   namespace ASP {Line 13:       using System;Line 14:       using System.Collections.Generic;Line 15:       using System.IO;Line 16:       using System.Linq;Line 17:       using System.Net;Line 18:       using System.Web;Line 19:       using System.Web.Helpers;Line 20:       using System.Web.Security;Line 21:       using System.Web.UI;Line 22:       using System.Web.WebPages;Line 23:       using System.Web.Mvc;Line 24:       using System.Web.Mvc.Ajax;Line 25:       using System.Web.Mvc.Html;Line 26:       using System.Web.Optimization;Line 27:       using System.Web.Routing;Line 28:       using Libol;Line 29:       Line 30:       Line 31:       public class _Page_Views_Acquisition_GetInventoryReport_cshtml : System.Web.Mvc.WebViewPage&lt;dynamic&gt; {Line 32:           Line 33:   #line hiddenLine 34:           Line 35:           public _Page_Views_Acquisition_GetInventoryReport_cshtml() {Line 36:           }Line 37:           Line 38:           protected ASP.global_asax ApplicationInstance {Line 39:               get {Line 40:                   return ((ASP.global_asax)(Context.ApplicationInstance));Line 41:               }Line 42:           }Line 43:           Line 44:           public override void Execute() {Line 45:   BeginContext(&quot;~/Views/Acquisition/GetInventoryReport.cshtml&quot;, 0, 21, true);Line 46:   Line 47:   WriteLiteral(&quot;\r\n\r\n&lt;head&gt;\r\n    &lt;meta&quot;);Line 48:   Line 49:   EndContext(&quot;~/Views/Acquisition/GetInventoryReport.cshtml&quot;, 0, 21, true);Line 50:   Line 51:   BeginContext(&quot;~/Views/Acquisition/GetInventoryReport.cshtml&quot;, 21, 16, true);Line 52:   Line 53:   WriteLiteral(&quot; charset=\&quot;utf-8\&quot;&quot;);Line 54:   Line 55:   EndContext(&quot;~/Views/Acquisition/GetInventoryReport.cshtml&quot;, 21, 16, true);Line 56:   Line 57:   BeginContext(&quot;~/Views/Acquisition/GetInventoryReport.cshtml&quot;, 37, 12, true);Line 58:   Line 59:   WriteLiteral(&quot;&gt;\r\n    &lt;meta&quot;);Line 60:   Line 61:   EndContext(&quot;~/Views/Acquisition/GetInventoryReport.cshtml&quot;, 37, 12, true);Line 62:   Line 63:   BeginContext(&quot;~/Views/Acquisition/GetInventoryReport.cshtml&quot;, 49, 16, true);Line 64:   Line 65:   WriteLiteral(&quot; name=\&quot;viewport\&quot;&quot;);Line 66:   Line 67:   EndContext(&quot;~/Views/Acquisition/GetInventoryReport.cshtml&quot;, 49, 16, true);Line 68:   Line 69:   BeginContext(&quot;~/Views/Acquisition/GetInventoryReport.cshtml&quot;, 65, 66, true);Line 70:   Line 71:   WriteLiteral(&quot; content=\&quot;width=device-width, initial-scale=1.0, shrink-to-fit=no\&quot;&quot;);Line 72:   Line 73:   EndContext(&quot;~/Views/Acquisition/GetInventoryReport.cshtml&quot;, 65, 66, true);Line 74:   Line 75:   BeginContext(&quot;~/Views/Acquisition/GetInventoryReport.cshtml&quot;, 131, 12, true);Line 76:   Line 77:   WriteLiteral(&quot;&gt;\r\n    &lt;link&quot;);Line 78:   Line 79:   EndContext(&quot;~/Views/Acquisition/GetInventoryReport.cshtml&quot;, 131, 12, true);Line 80:   Line 81:   BeginContext(&quot;~/Views/Acquisition/GetInventoryReport.cshtml&quot;, 143, 17, true);Line 82:   Line 83:   WriteLiteral(&quot; rel=\&quot;stylesheet\&quot;&quot;);Line 84:   Line 85:   EndContext(&quot;~/Views/Acquisition/GetInventoryReport.cshtml&quot;, 143, 17, true);Line 86:   Line 87:   BeginContext(&quot;~/Views/Acquisition/GetInventoryReport.cshtml&quot;, 160, 16, true);Line 88:   Line 89:   WriteLiteral(&quot; type=\&quot;text/css\&quot;&quot;);Line 90:   Line 91:   EndContext(&quot;~/Views/Acquisition/GetInventoryReport.cshtml&quot;, 160, 16, true);Line 92:   Line 93:   WriteAttribute(&quot;href&quot;, Tuple.Create(&quot; href=\&quot;&quot;, 176), Tuple.Create(&quot;\&quot;&quot;, 252)Line 94:   , Tuple.Create(Tuple.Create(&quot;&quot;, 183), Tuple.Create&lt;System.Object, System.Int32&gt;(Href(&quot;~/Content/DataTables/DataTables-1.10.18/css/dataTables.bootstrap4.css&quot;)Line 95:   , 183), false)Line 96:   );Line 97:   Line 98:   BeginContext(&quot;~/Views/Acquisition/GetInventoryReport.cshtml&quot;, 253, 2000, true);Line 99:   Line 100:  WriteLiteral(&quot;&gt;\r\n\r\n    &lt;script&gt;\r\n        $(document).ready(function () {\r\n            var table&quot; +Line 101:  &quot; = $(\&#39;#table\&#39;).DataTable({\r\n                lengthMenu: [[10, 25, 50, -1], [10, &quot; +Line 102:  &quot;25, 50, \&quot;All\&quot;]],\r\n\r\n                buttons: [\r\n                    {\r\n         &quot; +Line 103:  &quot;               extend: \&#39;excel\&#39;,\r\n                        title: function () { va&quot; +Line 104:  &quot;r printTitle = \&#39;Ki?m k&#234;\&#39;; return printTitle; }\r\n                    },\r\n        &quot; +Line 105:  &quot;            \&#39;pdf\&#39;,\r\n                    \&#39;colvis\&#39;\r\n                ],\r\n          &quot; +Line 106:  &quot;      footerCallback: function (row, data, start, end, display) {\r\n             &quot; +Line 107:  &quot;       var api = this.api(), data;\r\n                    var intVal = function (i&quot; +Line 108:  &quot;) {\r\n                        return typeof i === \&#39;string\&#39; ?\r\n                   &quot; +Line 109:  &quot;         i.replace(/[\\$,]/g, \&#39;\&#39;) * 1 :\r\n                            typeof i ===&quot; +Line 110:  &quot; \&#39;number\&#39; ?\r\n                                i : 0;\r\n                    };\r\n   &quot; +Line 111:  &quot;                 // Total over all pages\r\n                    total = api\r\n     &quot; +Line 112:  &quot;                   .column(5)\r\n                        .data()\r\n                &quot; +Line 113:  &quot;        .reduce(function (a, b) {\r\n                            return intVal(a) &quot; +Line 114:  &quot;+ intVal(b);\r\n                        }, 0);\r\n                    // Total over &quot; +Line 115:  &quot;this page\r\n                    pageTotal = api\r\n                        .column(&quot; +Line 116:  &quot;5, { page: \&#39;current\&#39; })\r\n                        .data()\r\n                      &quot; +Line 117:  &quot;  .reduce(function (a, b) {\r\n                            return (intVal(a) + int&quot; +Line 118:  &quot;Val(b)).toFixed(2);\r\n                        }, 0);\r\n\r\n                    // Up&quot; +Line 119:  &quot;date footer\r\n                    $(api.column(5).footer()).html(\r\n              &quot; +Line 120:  &quot;          pageTotal + \&#39; (\&#39; + total.toFixed(2) + \&#39; total)\&#39;\r\n                    )&quot; +Line 121:  &quot;;\r\n                }\r\n            });\r\n\r\n            document.getElementById(\&quot;Co&quot; +Line 122:  &quot;unt\&quot;).innerHTML = \&quot;T?ng s? lu?ng: \&quot; + table.rows().count();\r\n\r\n            $(\&quot;#E&quot; +Line 123:  &quot;xportReporttoExcel\&quot;).on(\&quot;click\&quot;, function () {\r\n                table.button(\&#39;.b&quot; +Line 124:  &quot;uttons-excel\&#39;).trigger();\r\n            });\r\n        });&lt;/script&gt;\r\n&lt;/head&gt;\r\n&lt;div&quot;);Line 125:  Line 126:  EndContext(&quot;~/Views/Acquisition/GetInventoryReport.cshtml&quot;, 253, 2000, true);Line 127:  Line 128:  BeginContext(&quot;~/Views/Acquisition/GetInventoryReport.cshtml&quot;, 2253, 10, true);Line 129:  Line 130:  WriteLiteral(&quot; id=\&quot;Main\&quot;&quot;);Line 131:  Line 132:  EndContext(&quot;~/Views/Acquisition/GetInventoryReport.cshtml&quot;, 2253, 10, true);Line 133:  Line 134:  BeginContext(&quot;~/Views/Acquisition/GetInventoryReport.cshtml&quot;, 2263, 54, true);Line 135:  Line 136:  WriteLiteral(&quot;&gt;\r\n    &lt;br/&gt;\r\n    &lt;label&gt;T?ng s? KCB ki?m tra l&#224;:&lt;b&gt; &quot;);Line 137:  Line 138:  EndContext(&quot;~/Views/Acquisition/GetInventoryReport.cshtml&quot;, 2263, 54, true);Line 139:  Line 140:  BeginContext(&quot;~/Views/Acquisition/GetInventoryReport.cshtml&quot;, 2318, 22, false);Line 141:  Line 142:              Line 143:              #line 60 &quot;C:\Users\admin\Documents\GitHub\Libol\FPT-Libol-master\Libol\Libol\Views\Acquisition\GetInventoryReport.cshtml&quot;Line 144:                                     Write(ViewBag.totalInLibrary);Line 145:  Line 146:              Line 147:              #line defaultLine 148:              #line hiddenLine 149:  EndContext(&quot;~/Views/Acquisition/GetInventoryReport.cshtml&quot;, 2318, 22, false);Line 150:  Line 151:  BeginContext(&quot;~/Views/Acquisition/GetInventoryReport.cshtml&quot;, 2340, 70, true);Line 152:  Line 153:  WriteLiteral(&quot; &lt;/b&gt;&lt;/label&gt;&lt;br /&gt;\r\n    &lt;label&gt;T?ng s? KCB trong kho d? li?u l&#224;:&lt;b&gt; &quot;);Line 154:  Line 155:  EndContext(&quot;~/Views/Acquisition/GetInventoryReport.cshtml&quot;, 2340, 70, true);Line 156:  Line 157:  BeginContext(&quot;~/Views/Acquisition/GetInventoryReport.cshtml&quot;, 2411, 22, false);Line 158:  Line 159:              Line 160:              #line 61 &quot;C:\Users\admin\Documents\GitHub\Libol\FPT-Libol-master\Libol\Libol\Views\Acquisition\GetInventoryReport.cshtml&quot;Line 161:                                              Write(ViewBag.totalInLibrary);Line 162:  Line 163:              Line 164:              #line defaultLine 165:              #line hiddenLine 166:  EndContext(&quot;~/Views/Acquisition/GetInventoryReport.cshtml&quot;, 2411, 22, false);Line 167:  Line 168:  BeginContext(&quot;~/Views/Acquisition/GetInventoryReport.cshtml&quot;, 2433, 61, true);Line 169:  Line 170:  WriteLiteral(&quot; &lt;/b&gt;&lt;/label&gt;&lt;br /&gt;\r\n    &lt;label&gt;T?ng s? KCB b? thi?u l&#224;:&lt;b&gt; &quot;);Line 171:  Line 172:  EndContext(&quot;~/Views/Acquisition/GetInventoryReport.cshtml&quot;, 2433, 61, true);Line 173:  Line 174:  BeginContext(&quot;~/Views/Acquisition/GetInventoryReport.cshtml&quot;, 2495, 17, false);Line 175:  Line 176:              Line 177:              #line 62 &quot;C:\Users\admin\Documents\GitHub\Libol\FPT-Libol-master\Libol\Libol\Views\Acquisition\GetInventoryReport.cshtml&quot;Line 178:                                     Write(ViewBag.totalLack);Line 179:  Line 180:              Line 181:              #line defaultLine 182:              #line hiddenLine 183:  EndContext(&quot;~/Views/Acquisition/GetInventoryReport.cshtml&quot;, 2495, 17, false);Line 184:  Line 185:  BeginContext(&quot;~/Views/Acquisition/GetInventoryReport.cshtml&quot;, 2512, 77, true);Line 186:  Line 187:  WriteLiteral(&quot;  &lt;/b&gt;&lt;/label&gt;&lt;br /&gt;\r\n    &lt;label&gt;T?ng s? KCB kh&#244;ng c&#243; trong d? li?u l&#224;:&lt;b&gt;  &quot;);Line 188:  Line 189:  EndContext(&quot;~/Views/Acquisition/GetInventoryReport.cshtml&quot;, 2512, 77, true);Line 190:  Line 191:  BeginContext(&quot;~/Views/Acquisition/GetInventoryReport.cshtml&quot;, 2590, 15, false);Line 192:  Line 193:              Line 194:              #line 63 &quot;C:\Users\admin\Documents\GitHub\Libol\FPT-Libol-master\Libol\Libol\Views\Acquisition\GetInventoryReport.cshtml&quot;Line 195:                                                    Write(ViewBag.totalEX);Line 196:  Line 197:              Line 198:              #line defaultLine 199:              #line hiddenLine 200:  EndContext(&quot;~/Views/Acquisition/GetInventoryReport.cshtml&quot;, 2590, 15, false);Line 201:  Line 202:  BeginContext(&quot;~/Views/Acquisition/GetInventoryReport.cshtml&quot;, 2605, 24, true);Line 203:  Line 204:  WriteLiteral(&quot; &lt;/b&gt;&lt;/label&gt;&lt;br /&gt;\r\n   &quot;);Line 205:  Line 206:  EndContext(&quot;~/Views/Acquisition/GetInventoryReport.cshtml&quot;, 2605, 24, true);Line 207:  Line 208:  BeginContext(&quot;~/Views/Acquisition/GetInventoryReport.cshtml&quot;, 2636, 161, true);Line 209:  Line 210:  WriteLiteral(&quot;\r\n        if (ViewBag.LackDataResult != null)\r\n        {\r\n            &lt;div&gt;\r\n    &quot; +Line 211:  &quot;            &lt;label&gt;C&#225;c dang k&#253; c&#225; bi?t b? thi?u &lt;/label&gt;\r\n                &lt;table&quot; +Line 212:  &quot;&quot;);Line 213:  Line 214:  EndContext(&quot;~/Views/Acquisition/GetInventoryReport.cshtml&quot;, 2636, 161, true);Line 215:  Line 216:  BeginContext(&quot;~/Views/Acquisition/GetInventoryReport.cshtml&quot;, 2797, 11, true);Line 217:  Line 218:  WriteLiteral(&quot; id=\&quot;table\&quot;&quot;);Line 219:  Line 220:  EndContext(&quot;~/Views/Acquisition/GetInventoryReport.cshtml&quot;, 2797, 11, true);Line 221:  Line 222:  BeginContext(&quot;~/Views/Acquisition/GetInventoryReport.cshtml&quot;, 2808, 43, true);Line 223:  Line 224:  WriteLiteral(&quot; class=\&quot;table table-striped table-bordered\&quot;&quot;);Line 225:  Line 226:  EndContext(&quot;~/Views/Acquisition/GetInventoryReport.cshtml&quot;, 2808, 43, true);Line 227:  Line 228:  BeginContext(&quot;~/Views/Acquisition/GetInventoryReport.cshtml&quot;, 2851, 22, true);Line 229:  Line 230:  WriteLiteral(&quot; style=\&quot;border: thin;\&quot;&quot;);Line 231:  Line 232:  EndContext(&quot;~/Views/Acquisition/GetInventoryReport.cshtml&quot;, 2851, 22, true);Line 233:  Line 234:  BeginContext(&quot;~/Views/Acquisition/GetInventoryReport.cshtml&quot;, 2873, 11, true);Line 235:  Line 236:  WriteLiteral(&quot; border=\&quot;1\&quot;&quot;);Line 237:  Line 238:  EndContext(&quot;~/Views/Acquisition/GetInventoryReport.cshtml&quot;, 2873, 11, true);Line 239:  Line 240:  BeginContext(&quot;~/Views/Acquisition/GetInventoryReport.cshtml&quot;, 2884, 476, true);Line 241:  Line 242:  WriteLiteral(@&quot;&gt;Line 243:                      &lt;thead&gt;Line 244:                          &lt;tr&gt;Line 245:                              &lt;th&gt;STT&lt;/th&gt;Line 246:                              &lt;th&gt;T&#234;n s&#225;ch&lt;/th&gt;Line 247:                              &lt;th&gt;M&#227; t&#224;i li?u&lt;/th&gt;Line 248:                              &lt;th&gt;DKCB&lt;/th&gt;Line 249:                              &lt;th&gt;Callnumber&lt;/th&gt;Line 250:                              &lt;th&gt;Gi&#225; ti?n&lt;/th&gt;Line 251:                              &lt;th&gt;Ghi ch&#250;&lt;/th&gt;Line 252:                          &lt;/tr&gt;Line 253:                      &lt;/thead&gt;Line 254:                      &lt;tbody&gt;Line 255:  &quot;);Line 256:  Line 257:  EndContext(&quot;~/Views/Acquisition/GetInventoryReport.cshtml&quot;, 2884, 476, true);Line 258:  Line 259:              Line 260:              #line 82 &quot;C:\Users\admin\Documents\GitHub\Libol\FPT-Libol-master\Libol\Libol\Views\Acquisition\GetInventoryReport.cshtml&quot;Line 261:                          Line 262:              Line 263:              #line defaultLine 264:              #line hiddenLine 265:              Line 266:              #line 82 &quot;C:\Users\admin\Documents\GitHub\Libol\FPT-Libol-master\Libol\Libol\Views\Acquisition\GetInventoryReport.cshtml&quot;Line 267:                            Line 268:                              int STT = 1;Line 269:                          Line 270:              Line 271:              #line defaultLine 272:              #line hiddenLine 273:  BeginContext(&quot;~/Views/Acquisition/GetInventoryReport.cshtml&quot;, 3455, 2, true);Line 274:  Line 275:  WriteLiteral(&quot;\r\n&quot;);Line 276:  Line 277:  EndContext(&quot;~/Views/Acquisition/GetInventoryReport.cshtml&quot;, 3455, 2, true);Line 278:  Line 279:              Line 280:              #line 85 &quot;C:\Users\admin\Documents\GitHub\Libol\FPT-Libol-master\Libol\Libol\Views\Acquisition\GetInventoryReport.cshtml&quot;Line 281:                          Line 282:              Line 283:              #line defaultLine 284:              #line hiddenLine 285:              Line 286:              #line 85 &quot;C:\Users\admin\Documents\GitHub\Libol\FPT-Libol-master\Libol\Libol\Views\Acquisition\GetInventoryReport.cshtml&quot;Line 287:                           foreach (var item in ViewBag.LackDataResult)Line 288:                          {Line 289:  Line 290:  Line 291:              Line 292:              #line defaultLine 293:              #line hiddenLine 294:  BeginContext(&quot;~/Views/Acquisition/GetInventoryReport.cshtml&quot;, 3557, 70, true);Line 295:  Line 296:  WriteLiteral(&quot;                            &lt;tr&gt;\r\n                                &lt;td&gt;&quot;);Line 297:  Line 298:  EndContext(&quot;~/Views/Acquisition/GetInventoryReport.cshtml&quot;, 3557, 70, true);Line 299:  Line 300:  BeginContext(&quot;~/Views/Acquisition/GetInventoryReport.cshtml&quot;, 3629, 3, false);Line 301:  Line 302:              Line 303:              #line 89 &quot;C:\Users\admin\Documents\GitHub\Libol\FPT-Libol-master\Libol\Libol\Views\Acquisition\GetInventoryReport.cshtml&quot;Line 304:                                  Write(STT);Line 305:  Line 306:              Line 307:              #line defaultLine 308:              #line hiddenLine 309:  EndContext(&quot;~/Views/Acquisition/GetInventoryReport.cshtml&quot;, 3629, 3, false);Line 310:  Line 311:  BeginContext(&quot;~/Views/Acquisition/GetInventoryReport.cshtml&quot;, 3633, 43, true);Line 312:  Line 313:  WriteLiteral(&quot;&lt;/td&gt;\r\n                                &lt;td&gt;&quot;);Line 314:  Line 315:  EndContext(&quot;~/Views/Acquisition/GetInventoryReport.cshtml&quot;, 3633, 43, true);Line 316:  Line 317:  BeginContext(&quot;~/Views/Acquisition/GetInventoryReport.cshtml&quot;, 3677, 12, false);Line 318:  Line 319:              Line 320:              #line 90 &quot;C:\Users\admin\Documents\GitHub\Libol\FPT-Libol-master\Libol\Libol\Views\Acquisition\GetInventoryReport.cshtml&quot;Line 321:                                 Write(item.Content);Line 322:  Line 323:              Line 324:              #line defaultLine 325:              #line hiddenLine 326:  EndContext(&quot;~/Views/Acquisition/GetInventoryReport.cshtml&quot;, 3677, 12, false);Line 327:  Line 328:  BeginContext(&quot;~/Views/Acquisition/GetInventoryReport.cshtml&quot;, 3689, 43, true);Line 329:  Line 330:  WriteLiteral(&quot;&lt;/td&gt;\r\n                                &lt;td&gt;&quot;);Line 331:  Line 332:  EndContext(&quot;~/Views/Acquisition/GetInventoryReport.cshtml&quot;, 3689, 43, true);Line 333:  Line 334:  BeginContext(&quot;~/Views/Acquisition/GetInventoryReport.cshtml&quot;, 3733, 9, false);Line 335:  Line 336:              Line 337:              #line 91 &quot;C:\Users\admin\Documents\GitHub\Libol\FPT-Libol-master\Libol\Libol\Views\Acquisition\GetInventoryReport.cshtml&quot;Line 338:                                 Write(item.Code);Line 339:  Line 340:              Line 341:              #line defaultLine 342:              #line hiddenLine 343:  EndContext(&quot;~/Views/Acquisition/GetInventoryReport.cshtml&quot;, 3733, 9, false);Line 344:  Line 345:  BeginContext(&quot;~/Views/Acquisition/GetInventoryReport.cshtml&quot;, 3742, 43, true);Line 346:  Line 347:  WriteLiteral(&quot;&lt;/td&gt;\r\n                                &lt;td&gt;&quot;);Line 348:  Line 349:  EndContext(&quot;~/Views/Acquisition/GetInventoryReport.cshtml&quot;, 3742, 43, true);Line 350:  Line 351:  BeginContext(&quot;~/Views/Acquisition/GetInventoryReport.cshtml&quot;, 3786, 15, false);Line 352:  Line 353:              Line 354:              #line 92 &quot;C:\Users\admin\Documents\GitHub\Libol\FPT-Libol-master\Libol\Libol\Views\Acquisition\GetInventoryReport.cshtml&quot;Line 355:                                 Write(item.CopyNumber);Line 356:  Line 357:              Line 358:              #line defaultLine 359:              #line hiddenLine 360:  EndContext(&quot;~/Views/Acquisition/GetInventoryReport.cshtml&quot;, 3786, 15, false);Line 361:  Line 362:  BeginContext(&quot;~/Views/Acquisition/GetInventoryReport.cshtml&quot;, 3801, 43, true);Line 363:  Line 364:  WriteLiteral(&quot;&lt;/td&gt;\r\n                                &lt;td&gt;&quot;);Line 365:  Line 366:  EndContext(&quot;~/Views/Acquisition/GetInventoryReport.cshtml&quot;, 3801, 43, true);Line 367:  Line 368:  BeginContext(&quot;~/Views/Acquisition/GetInventoryReport.cshtml&quot;, 3845, 15, false);Line 369:  Line 370:              Line 371:              #line 93 &quot;C:\Users\admin\Documents\GitHub\Libol\FPT-Libol-master\Libol\Libol\Views\Acquisition\GetInventoryReport.cshtml&quot;Line 372:                                 Write(item.CallNumber);Line 373:  Line 374:              Line 375:              #line defaultLine 376:              #line hiddenLine 377:  EndContext(&quot;~/Views/Acquisition/GetInventoryReport.cshtml&quot;, 3845, 15, false);Line 378:  Line 379:  BeginContext(&quot;~/Views/Acquisition/GetInventoryReport.cshtml&quot;, 3860, 43, true);Line 380:  Line 381:  WriteLiteral(&quot;&lt;/td&gt;\r\n                                &lt;td&gt;&quot;);Line 382:  Line 383:  EndContext(&quot;~/Views/Acquisition/GetInventoryReport.cshtml&quot;, 3860, 43, true);Line 384:  Line 385:  BeginContext(&quot;~/Views/Acquisition/GetInventoryReport.cshtml&quot;, 3904, 10, false);Line 386:  Line 387:              Line 388:              #line 94 &quot;C:\Users\admin\Documents\GitHub\Libol\FPT-Libol-master\Libol\Libol\Views\Acquisition\GetInventoryReport.cshtml&quot;Line 389:                                 Write(item.Price);Line 390:  Line 391:              Line 392:              #line defaultLine 393:              #line hiddenLine 394:  EndContext(&quot;~/Views/Acquisition/GetInventoryReport.cshtml&quot;, 3904, 10, false);Line 395:  Line 396:  BeginContext(&quot;~/Views/Acquisition/GetInventoryReport.cshtml&quot;, 3914, 43, true);Line 397:  Line 398:  WriteLiteral(&quot;&lt;/td&gt;\r\n                                &lt;td&gt;&quot;);Line 399:  Line 400:  EndContext(&quot;~/Views/Acquisition/GetInventoryReport.cshtml&quot;, 3914, 43, true);Line 401:  Line 402:  BeginContext(&quot;~/Views/Acquisition/GetInventoryReport.cshtml&quot;, 3958, 9, false);Line 403:  Line 404:              Line 405:              #line 95 &quot;C:\Users\admin\Documents\GitHub\Libol\FPT-Libol-master\Libol\Libol\Views\Acquisition\GetInventoryReport.cshtml&quot;Line 406:                                 Write(item.Note);Line 407:  Line 408:              Line 409:              #line defaultLine 410:              #line hiddenLine 411:  EndContext(&quot;~/Views/Acquisition/GetInventoryReport.cshtml&quot;, 3958, 9, false);Line 412:  Line 413:  BeginContext(&quot;~/Views/Acquisition/GetInventoryReport.cshtml&quot;, 3967, 42, true);Line 414:  Line 415:  WriteLiteral(&quot;&lt;/td&gt;\r\n                            &lt;/tr&gt;\r\n&quot;);Line 416:  Line 417:  EndContext(&quot;~/Views/Acquisition/GetInventoryReport.cshtml&quot;, 3967, 42, true);Line 418:  Line 419:              Line 420:              #line 97 &quot;C:\Users\admin\Documents\GitHub\Libol\FPT-Libol-master\Libol\Libol\Views\Acquisition\GetInventoryReport.cshtml&quot;Line 421:                              STT++;Line 422:                          }Line 423:  Line 424:              Line 425:              #line defaultLine 426:              #line hiddenLine 427:  BeginContext(&quot;~/Views/Acquisition/GetInventoryReport.cshtml&quot;, 4072, 76, true);Line 428:  Line 429:  WriteLiteral(&quot;                    &lt;/tbody&gt;\r\n                &lt;/table&gt;\r\n                &lt;div&quot;);Line 430:  Line 431:  EndContext(&quot;~/Views/Acquisition/GetInventoryReport.cshtml&quot;, 4072, 76, true);Line 432:  Line 433:  BeginContext(&quot;~/Views/Acquisition/GetInventoryReport.cshtml&quot;, 4148, 27, true);Line 434:  Line 435:  WriteLiteral(&quot; style=\&quot;text-align: right;\&quot;&quot;);Line 436:  Line 437:  EndContext(&quot;~/Views/Acquisition/GetInventoryReport.cshtml&quot;, 4148, 27, true);Line 438:  Line 439:  BeginContext(&quot;~/Views/Acquisition/GetInventoryReport.cshtml&quot;, 4175, 28, true);Line 440:  Line 441:  WriteLiteral(&quot;&gt;\r\n                    &lt;span&quot;);Line 442:  Line 443:  EndContext(&quot;~/Views/Acquisition/GetInventoryReport.cshtml&quot;, 4175, 28, true);Line 444:  Line 445:  BeginContext(&quot;~/Views/Acquisition/GetInventoryReport.cshtml&quot;, 4203, 11, true);Line 446:  Line 447:  WriteLiteral(&quot; id=\&quot;Count\&quot;&quot;);Line 448:  Line 449:  EndContext(&quot;~/Views/Acquisition/GetInventoryReport.cshtml&quot;, 4203, 11, true);Line 450:  Line 451:  BeginContext(&quot;~/Views/Acquisition/GetInventoryReport.cshtml&quot;, 4214, 35, true);Line 452:  Line 453:  WriteLiteral(&quot;&gt;&lt;/span&gt;\r\n                    &lt;span&quot;);Line 454:  Line 455:  EndContext(&quot;~/Views/Acquisition/GetInventoryReport.cshtml&quot;, 4214, 35, true);Line 456:  Line 457:  BeginContext(&quot;~/Views/Acquisition/GetInventoryReport.cshtml&quot;, 4249, 11, true);Line 458:  Line 459:  WriteLiteral(&quot; id=\&quot;Total\&quot;&quot;);Line 460:  Line 461:  EndContext(&quot;~/Views/Acquisition/GetInventoryReport.cshtml&quot;, 4249, 11, true);Line 462:  Line 463:  BeginContext(&quot;~/Views/Acquisition/GetInventoryReport.cshtml&quot;, 4260, 54, true);Line 464:  Line 465:  WriteLiteral(&quot;&gt;&lt;/span&gt;\r\n                &lt;/div&gt;\r\n                &lt;div&quot;);Line 466:  Line 467:  EndContext(&quot;~/Views/Acquisition/GetInventoryReport.cshtml&quot;, 4260, 54, true);Line 468:  Line 469:  BeginContext(&quot;~/Views/Acquisition/GetInventoryReport.cshtml&quot;, 4314, 30, true);Line 470:  Line 471:  WriteLiteral(&quot; class=\&quot;col-md-12 text-center\&quot;&quot;);Line 472:  Line 473:  EndContext(&quot;~/Views/Acquisition/GetInventoryReport.cshtml&quot;, 4314, 30, true);Line 474:  Line 475:  BeginContext(&quot;~/Views/Acquisition/GetInventoryReport.cshtml&quot;, 4344, 27, true);Line 476:  Line 477:  WriteLiteral(&quot;&gt;\r\n                    &lt;div&quot;);Line 478:  Line 479:  EndContext(&quot;~/Views/Acquisition/GetInventoryReport.cshtml&quot;, 4344, 27, true);Line 480:  Line 481:  BeginContext(&quot;~/Views/Acquisition/GetInventoryReport.cshtml&quot;, 4371, 28, true);Line 482:  Line 483:  WriteLiteral(&quot; class=\&quot;btn-group btn-group\&quot;&quot;);Line 484:  Line 485:  EndContext(&quot;~/Views/Acquisition/GetInventoryReport.cshtml&quot;, 4371, 28, true);Line 486:  Line 487:  BeginContext(&quot;~/Views/Acquisition/GetInventoryReport.cshtml&quot;, 4399, 34, true);Line 488:  Line 489:  WriteLiteral(&quot;&gt;\r\n                        &lt;button&quot;);Line 490:  Line 491:  EndContext(&quot;~/Views/Acquisition/GetInventoryReport.cshtml&quot;, 4399, 34, true);Line 492:  Line 493:  BeginContext(&quot;~/Views/Acquisition/GetInventoryReport.cshtml&quot;, 4433, 14, true);Line 494:  Line 495:  WriteLiteral(&quot; type=\&quot;button\&quot;&quot;);Line 496:  Line 497:  EndContext(&quot;~/Views/Acquisition/GetInventoryReport.cshtml&quot;, 4433, 14, true);Line 498:  Line 499:  BeginContext(&quot;~/Views/Acquisition/GetInventoryReport.cshtml&quot;, 4447, 25, true);Line 500:  Line 501:  WriteLiteral(&quot; id=\&quot;ExportReporttoExcel\&quot;&quot;);Line 502:  Line 503:  EndContext(&quot;~/Views/Acquisition/GetInventoryReport.cshtml&quot;, 4447, 25, true);Line 504:  Line 505:  BeginContext(&quot;~/Views/Acquisition/GetInventoryReport.cshtml&quot;, 4472, 24, true);Line 506:  Line 507:  WriteLiteral(&quot; class=\&quot;btn btn-primary\&quot;&quot;);Line 508:  Line 509:  EndContext(&quot;~/Views/Acquisition/GetInventoryReport.cshtml&quot;, 4472, 24, true);Line 510:  Line 511:  BeginContext(&quot;~/Views/Acquisition/GetInventoryReport.cshtml&quot;, 4496, 292, true);Line 512:  Line 513:  WriteLiteral(@&quot;&gt;Luu v&#224;o file excel&lt;/button&gt;Line 514:                      &lt;/div&gt;Line 515:                  &lt;/div&gt;Line 516:              &lt;/div&gt;Line 517:          }Line 518:  Line 519:          if (ViewBag.ExcessDataResult != null)Line 520:          {Line 521:              &lt;div&gt;Line 522:                  &lt;label&gt;C&#225;c dang k&#253; c&#225; bi?t kh&#244;ng c&#243; trong d? li?u l&#224;&lt;/label&gt;Line 523:                  &lt;table&quot;);Line 524:  Line 525:  EndContext(&quot;~/Views/Acquisition/GetInventoryReport.cshtml&quot;, 4496, 292, true);Line 526:  Line 527:  BeginContext(&quot;~/Views/Acquisition/GetInventoryReport.cshtml&quot;, 4788, 11, true);Line 528:  Line 529:  WriteLiteral(&quot; id=\&quot;table\&quot;&quot;);Line 530:  Line 531:  EndContext(&quot;~/Views/Acquisition/GetInventoryReport.cshtml&quot;, 4788, 11, true);Line 532:  Line 533:  BeginContext(&quot;~/Views/Acquisition/GetInventoryReport.cshtml&quot;, 4799, 43, true);Line 534:  Line 535:  WriteLiteral(&quot; class=\&quot;table table-striped table-bordered\&quot;&quot;);Line 536:  Line 537:  EndContext(&quot;~/Views/Acquisition/GetInventoryReport.cshtml&quot;, 4799, 43, true);Line 538:  Line 539:  BeginContext(&quot;~/Views/Acquisition/GetInventoryReport.cshtml&quot;, 4842, 22, true);Line 540:  Line 541:  WriteLiteral(&quot; style=\&quot;border: thin;\&quot;&quot;);Line 542:  Line 543:  EndContext(&quot;~/Views/Acquisition/GetInventoryReport.cshtml&quot;, 4842, 22, true);Line 544:  Line 545:  BeginContext(&quot;~/Views/Acquisition/GetInventoryReport.cshtml&quot;, 4864, 11, true);Line 546:  Line 547:  WriteLiteral(&quot; border=\&quot;1\&quot;&quot;);Line 548:  Line 549:  EndContext(&quot;~/Views/Acquisition/GetInventoryReport.cshtml&quot;, 4864, 11, true);Line 550:  Line 551:  BeginContext(&quot;~/Views/Acquisition/GetInventoryReport.cshtml&quot;, 4875, 237, true);Line 552:  Line 553:  WriteLiteral(&quot;&gt;\r\n                    &lt;thead&gt;\r\n                        &lt;tr&gt;\r\n                   &quot; +Line 554:  &quot;         &lt;th&gt;STT&lt;/th&gt;\r\n                            &lt;th&gt;DKCB&lt;/th&gt;\r\n              &quot; +Line 555:  &quot;          &lt;/tr&gt;\r\n                    &lt;/thead&gt;\r\n                    &lt;tbody&gt;\r\n&quot;);Line 556:  Line 557:  EndContext(&quot;~/Views/Acquisition/GetInventoryReport.cshtml&quot;, 4875, 237, true);Line 558:  Line 559:              Line 560:              #line 125 &quot;C:\Users\admin\Documents\GitHub\Libol\FPT-Libol-master\Libol\Libol\Views\Acquisition\GetInventoryReport.cshtml&quot;Line 561:                          Line 562:              Line 563:              #line defaultLine 564:              #line hiddenLine 565:              Line 566:              #line 125 &quot;C:\Users\admin\Documents\GitHub\Libol\FPT-Libol-master\Libol\Libol\Views\Acquisition\GetInventoryReport.cshtml&quot;Line 567:                            Line 568:                              int STT = 1;Line 569:                          Line 570:              Line 571:              #line defaultLine 572:              #line hiddenLine 573:  BeginContext(&quot;~/Views/Acquisition/GetInventoryReport.cshtml&quot;, 5207, 2, true);Line 574:  Line 575:  WriteLiteral(&quot;\r\n&quot;);Line 576:  Line 577:  EndContext(&quot;~/Views/Acquisition/GetInventoryReport.cshtml&quot;, 5207, 2, true);Line 578:  Line 579:              Line 580:              #line 128 &quot;C:\Users\admin\Documents\GitHub\Libol\FPT-Libol-master\Libol\Libol\Views\Acquisition\GetInventoryReport.cshtml&quot;Line 581:                          Line 582:              Line 583:              #line defaultLine 584:              #line hiddenLine 585:              Line 586:              #line 128 &quot;C:\Users\admin\Documents\GitHub\Libol\FPT-Libol-master\Libol\Libol\Views\Acquisition\GetInventoryReport.cshtml&quot;Line 587:                           foreach (var item in ViewBag.ExcessDataResult)Line 588:                          {Line 589:  Line 590:  Line 591:              Line 592:              #line defaultLine 593:              #line hiddenLine 594:  BeginContext(&quot;~/Views/Acquisition/GetInventoryReport.cshtml&quot;, 5311, 70, true);Line 595:  Line 596:  WriteLiteral(&quot;                            &lt;tr&gt;\r\n                                &lt;td&gt;&quot;);Line 597:  Line 598:  EndContext(&quot;~/Views/Acquisition/GetInventoryReport.cshtml&quot;, 5311, 70, true);Line 599:  Line 600:  BeginContext(&quot;~/Views/Acquisition/GetInventoryReport.cshtml&quot;, 5383, 3, false);Line 601:  Line 602:              Line 603:              #line 132 &quot;C:\Users\admin\Documents\GitHub\Libol\FPT-Libol-master\Libol\Libol\Views\Acquisition\GetInventoryReport.cshtml&quot;Line 604:                                  Write(STT);Line 605:  Line 606:              Line 607:              #line defaultLine 608:              #line hiddenLine 609:  EndContext(&quot;~/Views/Acquisition/GetInventoryReport.cshtml&quot;, 5383, 3, false);Line 610:  Line 611:  BeginContext(&quot;~/Views/Acquisition/GetInventoryReport.cshtml&quot;, 5387, 43, true);Line 612:  Line 613:  WriteLiteral(&quot;&lt;/td&gt;\r\n                                &lt;td&gt;&quot;);Line 614:  Line 615:  EndContext(&quot;~/Views/Acquisition/GetInventoryReport.cshtml&quot;, 5387, 43, true);Line 616:  Line 617:  BeginContext(&quot;~/Views/Acquisition/GetInventoryReport.cshtml&quot;, 5431, 4, false);Line 618:  Line 619:              Line 620:              #line 133 &quot;C:\Users\admin\Documents\GitHub\Libol\FPT-Libol-master\Libol\Libol\Views\Acquisition\GetInventoryReport.cshtml&quot;Line 621:                                 Write(item);Line 622:  Line 623:              Line 624:              #line defaultLine 625:              #line hiddenLine 626:  EndContext(&quot;~/Views/Acquisition/GetInventoryReport.cshtml&quot;, 5431, 4, false);Line 627:  Line 628:  BeginContext(&quot;~/Views/Acquisition/GetInventoryReport.cshtml&quot;, 5435, 42, true);Line 629:  Line 630:  WriteLiteral(&quot;&lt;/td&gt;\r\n                            &lt;/tr&gt;\r\n&quot;);Line 631:  Line 632:  EndContext(&quot;~/Views/Acquisition/GetInventoryReport.cshtml&quot;, 5435, 42, true);Line 633:  Line 634:              Line 635:              #line 135 &quot;C:\Users\admin\Documents\GitHub\Libol\FPT-Libol-master\Libol\Libol\Views\Acquisition\GetInventoryReport.cshtml&quot;Line 636:                              STT++;Line 637:                          }Line 638:  Line 639:              Line 640:              #line defaultLine 641:              #line hiddenLine 642:  BeginContext(&quot;~/Views/Acquisition/GetInventoryReport.cshtml&quot;, 5540, 76, true);Line 643:  Line 644:  WriteLiteral(&quot;                    &lt;/tbody&gt;\r\n                &lt;/table&gt;\r\n                &lt;div&quot;);Line 645:  Line 646:  EndContext(&quot;~/Views/Acquisition/GetInventoryReport.cshtml&quot;, 5540, 76, true);Line 647:  Line 648:  BeginContext(&quot;~/Views/Acquisition/GetInventoryReport.cshtml&quot;, 5616, 27, true);Line 649:  Line 650:  WriteLiteral(&quot; style=\&quot;text-align: right;\&quot;&quot;);Line 651:  Line 652:  EndContext(&quot;~/Views/Acquisition/GetInventoryReport.cshtml&quot;, 5616, 27, true);Line 653:  Line 654:  BeginContext(&quot;~/Views/Acquisition/GetInventoryReport.cshtml&quot;, 5643, 28, true);Line 655:  Line 656:  WriteLiteral(&quot;&gt;\r\n                    &lt;span&quot;);Line 657:  Line 658:  EndContext(&quot;~/Views/Acquisition/GetInventoryReport.cshtml&quot;, 5643, 28, true);Line 659:  Line 660:  BeginContext(&quot;~/Views/Acquisition/GetInventoryReport.cshtml&quot;, 5671, 11, true);Line 661:  Line 662:  WriteLiteral(&quot; id=\&quot;Count\&quot;&quot;);Line 663:  Line 664:  EndContext(&quot;~/Views/Acquisition/GetInventoryReport.cshtml&quot;, 5671, 11, true);Line 665:  Line 666:  BeginContext(&quot;~/Views/Acquisition/GetInventoryReport.cshtml&quot;, 5682, 35, true);Line 667:  Line 668:  WriteLiteral(&quot;&gt;&lt;/span&gt;\r\n                    &lt;span&quot;);Line 669:  Line 670:  EndContext(&quot;~/Views/Acquisition/GetInventoryReport.cshtml&quot;, 5682, 35, true);Line 671:  Line 672:  BeginContext(&quot;~/Views/Acquisition/GetInventoryReport.cshtml&quot;, 5717, 11, true);Line 673:  Line 674:  WriteLiteral(&quot; id=\&quot;Total\&quot;&quot;);Line 675:  Line 676:  EndContext(&quot;~/Views/Acquisition/GetInventoryReport.cshtml&quot;, 5717, 11, true);Line 677:  Line 678:  BeginContext(&quot;~/Views/Acquisition/GetInventoryReport.cshtml&quot;, 5728, 54, true);Line 679:  Line 680:  WriteLiteral(&quot;&gt;&lt;/span&gt;\r\n                &lt;/div&gt;\r\n                &lt;div&quot;);Line 681:  Line 682:  EndContext(&quot;~/Views/Acquisition/GetInventoryReport.cshtml&quot;, 5728, 54, true);Line 683:  Line 684:  BeginContext(&quot;~/Views/Acquisition/GetInventoryReport.cshtml&quot;, 5782, 30, true);Line 685:  Line 686:  WriteLiteral(&quot; class=\&quot;col-md-12 text-center\&quot;&quot;);Line 687:  Line 688:  EndContext(&quot;~/Views/Acquisition/GetInventoryReport.cshtml&quot;, 5782, 30, true);Line 689:  Line 690:  BeginContext(&quot;~/Views/Acquisition/GetInventoryReport.cshtml&quot;, 5812, 27, true);Line 691:  Line 692:  WriteLiteral(&quot;&gt;\r\n                    &lt;div&quot;);Line 693:  Line 694:  EndContext(&quot;~/Views/Acquisition/GetInventoryReport.cshtml&quot;, 5812, 27, true);Line 695:  Line 696:  BeginContext(&quot;~/Views/Acquisition/GetInventoryReport.cshtml&quot;, 5839, 28, true);Line 697:  Line 698:  WriteLiteral(&quot; class=\&quot;btn-group btn-group\&quot;&quot;);Line 699:  Line 700:  EndContext(&quot;~/Views/Acquisition/GetInventoryReport.cshtml&quot;, 5839, 28, true);Line 701:  Line 702:  BeginContext(&quot;~/Views/Acquisition/GetInventoryReport.cshtml&quot;, 5867, 34, true);Line 703:  Line 704:  WriteLiteral(&quot;&gt;\r\n                        &lt;button&quot;);Line 705:  Line 706:  EndContext(&quot;~/Views/Acquisition/GetInventoryReport.cshtml&quot;, 5867, 34, true);Line 707:  Line 708:  BeginContext(&quot;~/Views/Acquisition/GetInventoryReport.cshtml&quot;, 5901, 14, true);Line 709:  Line 710:  WriteLiteral(&quot; type=\&quot;button\&quot;&quot;);Line 711:  Line 712:  EndContext(&quot;~/Views/Acquisition/GetInventoryReport.cshtml&quot;, 5901, 14, true);Line 713:  Line 714:  BeginContext(&quot;~/Views/Acquisition/GetInventoryReport.cshtml&quot;, 5915, 25, true);Line 715:  Line 716:  WriteLiteral(&quot; id=\&quot;ExportReporttoExcel\&quot;&quot;);Line 717:  Line 718:  EndContext(&quot;~/Views/Acquisition/GetInventoryReport.cshtml&quot;, 5915, 25, true);Line 719:  Line 720:  BeginContext(&quot;~/Views/Acquisition/GetInventoryReport.cshtml&quot;, 5940, 24, true);Line 721:  Line 722:  WriteLiteral(&quot; class=\&quot;btn btn-primary\&quot;&quot;);Line 723:  Line 724:  EndContext(&quot;~/Views/Acquisition/GetInventoryReport.cshtml&quot;, 5940, 24, true);Line 725:  Line 726:  BeginContext(&quot;~/Views/Acquisition/GetInventoryReport.cshtml&quot;, 5964, 130, true);Line 727:  Line 728:  WriteLiteral(&quot;&gt;Luu v&#224;o file excel&lt;/button&gt;\r\n                    &lt;/div&gt;\r\n                &lt;/div&gt;\r&quot; +Line 729:  &quot;\n            &lt;/div&gt;\r\n        }\r\n    }\r\n&lt;/div&gt;\r\n\r\n&quot;);Line 730:  Line 731:  EndContext(&quot;~/Views/Acquisition/GetInventoryReport.cshtml&quot;, 5964, 130, true);Line 732:  Line 733:          }Line 734:      }Line 735:  }Line 736:  </pre></code>

                  </td>
               </tr>
            </table>

            

</div>

    <script type="text/javascript">
    function OnToggleTOCLevel1(level2ID)
    {
      var elemLevel2 = document.getElementById(level2ID);
      if (elemLevel2.style.display == 'none')
      {
        elemLevel2.style.display = '';
      }
      else {
        elemLevel2.style.display = 'none';
      }
    }
    </script>
                          <br><br>

            <hr width=100% size=1 color=silver>

            <b>Version Information:</b>&nbsp;Microsoft .NET Framework Version:4.0.30319; ASP.NET Version:4.7.3062.0

            </font>

    </body>
</html>
<!-- 
[HttpCompileException]: C:\Users\admin\Documents\GitHub\Libol\FPT-Libol-master\Libol\Libol\Views\Acquisition\GetInventoryReport.cshtml(126): error CS0128: A local variable or function named &#39;STT&#39; is already defined in this scope
   at System.Web.Compilation.AssemblyBuilder.Compile()
   at System.Web.Compilation.BuildProvidersCompiler.PerformBuild()
   at System.Web.Compilation.BuildManager.CompileWebFile(VirtualPath virtualPath)
   at System.Web.Compilation.BuildManager.GetVPathBuildResultInternal(VirtualPath virtualPath, Boolean noBuild, Boolean allowCrossApp, Boolean allowBuildInPrecompile, Boolean throwIfNotFound, Boolean ensureIsUpToDate)
   at System.Web.Compilation.BuildManager.GetVPathBuildResultWithNoAssert(HttpContext context, VirtualPath virtualPath, Boolean noBuild, Boolean allowCrossApp, Boolean allowBuildInPrecompile, Boolean throwIfNotFound, Boolean ensureIsUpToDate)
   at System.Web.Compilation.BuildManager.GetVirtualPathObjectFactory(VirtualPath virtualPath, HttpContext context, Boolean allowCrossApp, Boolean throwIfNotFound)
   at System.Web.Compilation.BuildManager.GetCompiledType(VirtualPath virtualPath)
   at System.Web.Compilation.BuildManager.GetCompiledType(String virtualPath)
   at System.Web.Mvc.BuildManagerWrapper.System.Web.Mvc.IBuildManager.GetCompiledType(String virtualPath)
   at System.Web.Mvc.BuildManagerCompiledView.Render(ViewContext viewContext, TextWriter writer)
   at System.Web.Mvc.ViewResultBase.ExecuteResult(ControllerContext context)
   at System.Web.Mvc.ControllerActionInvoker.InvokeActionResult(ControllerContext controllerContext, ActionResult actionResult)
   at System.Web.Mvc.ControllerActionInvoker.InvokeActionResultFilterRecursive(IList`1 filters, Int32 filterIndex, ResultExecutingContext preContext, ControllerContext controllerContext, ActionResult actionResult)
   at System.Web.Mvc.ControllerActionInvoker.InvokeActionResultFilterRecursive(IList`1 filters, Int32 filterIndex, ResultExecutingContext preContext, ControllerContext controllerContext, ActionResult actionResult)
   at System.Web.Mvc.ControllerActionInvoker.InvokeActionResultWithFilters(ControllerContext controllerContext, IList`1 filters, ActionResult actionResult)
   at System.Web.Mvc.Async.AsyncControllerActionInvoker.<>c__DisplayClass3_6.<BeginInvokeAction>b__3()
   at System.Web.Mvc.Async.AsyncControllerActionInvoker.<>c__DisplayClass3_1.<BeginInvokeAction>b__5(IAsyncResult asyncResult)
   at System.Web.Mvc.Async.AsyncResultWrapper.WrappedAsyncResult`1.CallEndDelegate(IAsyncResult asyncResult)
   at System.Web.Mvc.Async.AsyncResultWrapper.WrappedAsyncResultBase`1.End()
   at System.Web.Mvc.Async.AsyncControllerActionInvoker.EndInvokeAction(IAsyncResult asyncResult)
   at System.Web.Mvc.Controller.<>c.<BeginExecuteCore>b__152_1(IAsyncResult asyncResult, ExecuteCoreState innerState)
   at System.Web.Mvc.Async.AsyncResultWrapper.WrappedAsyncVoid`1.CallEndDelegate(IAsyncResult asyncResult)
   at System.Web.Mvc.Async.AsyncResultWrapper.WrappedAsyncResultBase`1.End()
   at System.Web.Mvc.Controller.EndExecuteCore(IAsyncResult asyncResult)
   at System.Web.Mvc.Controller.<>c.<BeginExecute>b__151_2(IAsyncResult asyncResult, Controller controller)
   at System.Web.Mvc.Async.AsyncResultWrapper.WrappedAsyncVoid`1.CallEndDelegate(IAsyncResult asyncResult)
   at System.Web.Mvc.Async.AsyncResultWrapper.WrappedAsyncResultBase`1.End()
   at System.Web.Mvc.Controller.EndExecute(IAsyncResult asyncResult)
   at System.Web.Mvc.Controller.System.Web.Mvc.Async.IAsyncController.EndExecute(IAsyncResult asyncResult)
   at System.Web.Mvc.MvcHandler.<>c.<BeginProcessRequest>b__20_1(IAsyncResult asyncResult, ProcessRequestState innerState)
   at System.Web.Mvc.Async.AsyncResultWrapper.WrappedAsyncVoid`1.CallEndDelegate(IAsyncResult asyncResult)
   at System.Web.Mvc.Async.AsyncResultWrapper.WrappedAsyncResultBase`1.End()
   at System.Web.Mvc.MvcHandler.EndProcessRequest(IAsyncResult asyncResult)
   at System.Web.Mvc.MvcHandler.System.Web.IHttpAsyncHandler.EndProcessRequest(IAsyncResult result)
   at System.Web.HttpApplication.CallHandlerExecutionStep.System.Web.HttpApplication.IExecutionStep.Execute()
   at System.Web.HttpApplication.ExecuteStepImpl(IExecutionStep step)
   at System.Web.HttpApplication.ExecuteStep(IExecutionStep step, Boolean& completedSynchronously)
-->
2019-10-17 17:30:09,922 INFO - 
2019-10-17 17:30:09,922 INFO - 
2019-10-17 17:30:09,926 INFO - 
